1533264867741	geckodriver	INFO	geckodriver 0.21.0
1533264867756	geckodriver	INFO	Listening on 127.0.0.1:58048
1533264870818	mozrunner::runner	INFO	Running command: "C:\\Program Files\\Mozilla Firefox\\firefox.exe" "-marionette" "-foreground" "-no-remote" "-profile" "C:\\Users\\RUDRA~1.LAP\\AppData\\Local\\Temp\\rust_mozprofile.SJ4BCVIUHkay"
Unable to read VR Path Registry from C:\Users\RUDRA.LAPTOP-RDI7T2JU\AppData\Local\openvr\openvrpaths.vrpath
Unable to read VR Path Registry from C:\Users\RUDRA.LAPTOP-RDI7T2JU\AppData\Local\openvr\openvrpaths.vrpath
Unable to read VR Path Registry from C:\Users\RUDRA.LAPTOP-RDI7T2JU\AppData\Local\openvr\openvrpaths.vrpath
Unable to read VR Path Registry from C:\Users\RUDRA.LAPTOP-RDI7T2JU\AppData\Local\openvr\openvrpaths.vrpath
Unable to read VR Path Registry from C:\Users\RUDRA.LAPTOP-RDI7T2JU\AppData\Local\openvr\openvrpaths.vrpath
1533264878194	Marionette	INFO	Listening on port 58056
1533264879082	Marionette	WARN	TLS certificate errors will be ignored for this session
JavaScript error: resource://devtools/shared/base-loader.js -> resource://devtools/client/framework/toolbox.js, line 1266: TypeError: currentPanel is undefined
Unable to read VR Path Registry from C:\Users\RUDRA.LAPTOP-RDI7T2JU\AppData\Local\openvr\openvrpaths.vrpath
[Child 13724, Chrome_ChildThread] WARNING: pipe error: 109: file z:/build/build/src/ipc/chromium/src/chrome/common/ipc_channel_win.cc, line 346
[Child 13724, Chrome_ChildThread] WARNING: pipe error: 109: file z:/build/build/src/ipc/chromium/src/chrome/common/ipc_channel_win.cc, line 346
[Parent 1320, Gecko_IOThread] WARNING: pipe error: 109: file z:/build/build/src/ipc/chromium/src/chrome/common/ipc_channel_win.cc, line 346
[Child 9624, Chrome_ChildThread] WARNING: pipe error: 109: file z:/build/build/src/ipc/chromium/src/chrome/common/ipc_channel_win.cc, line 346
[Child 9624, Chrome_ChildThread] WARNING: pipe error: 109: file z:/build/build/src/ipc/chromium/src/chrome/common/ipc_channel_win.cc, line 346
[Parent 1320, Gecko_IOThread] WARNING: pipe error: 109: file z:/build/build/src/ipc/chromium/src/chrome/common/ipc_channel_win.cc, line 346
[Child 9904, Chrome_ChildThread] WARNING: pipe error: 109: file z:/build/build/src/ipc/chromium/src/chrome/common/ipc_channel_win.cc, line 346
[Child 990
###!!! [Child][MessageChannel::SendAndWait] Error: Channel error: cannot send/recv

rom C:\Users\RUDRA.LAPTOP-RDI7T2JU\AppData\Local\openvr\openvrpaths.vrpath
1533265042898	Marionette	INFO	Listening on port 58118
1533265042922	Marionette	WARN	TLS certificate errors will be ignored for this session
console.warn: LoginRecipes: getRecipes: falling back to a synchronous message for: https://twitter.com
console.warn: nsLoginManager: searchLogins: `formSubmitURL` or `httpRealm` is recommended
[Parent 10772, Gecko_IOThread] WARNING: pipe error: 109: file z:/build/build/src/ipc/chromium/src/chrome/common/ipc_channel_win.cc, line 346
[Child 6852, Chrome_ChildThread] WARNING: pipe error: 109: file z:/build/build/src/ipc/chromium/src/chrome/common/ipc_channel_win.cc, line 346
[Child 6[Parent 10772, Gecko_IOThread] WARNING: pipe error: 109: file z:/build/build/src/ipc/chromium/src/chrome/common/ipc_channel_win.cc, line 346
[Child 1016, Chrome_ChildThread] WARNING: pipe error: 109: file z:/build/build/src/ipc/chromium/src/chrome/common/ipc_channel_win.cc, line 346
[Child 1016, Chrome_ChildThread] WARNING: pipe error: 109: file z:/build/b[Parent 10772, Gecko_IOThread] WARNING: pipe error: 109: file z:/build/build/src/ipc/chromium/src/chrome/common/ipc_channel_win.cc, line 346
[GPU 10420, Chrome_ChildThread]
###!!! [Child][MessageChannel::SendAndWait] Error: Channel error: cannot send/recv

1533265252159	geckodriver	INFO	geckodriver 0.21.0
1533265252174	geckodriver	INFO	Listening on 127.0.0.1:58222
1533265255254	mozrunner::runner	INFO	Running command: "C:\\Program Files\\Mozilla Firefox\\firefox.exe" "-marionette" "-foreground" "-no-remote" "-profile" "C:\\Users\\RUDRA~1.LAP\\AppData\\Local\\Temp\\rust_mozprofile.Ad0nRbBn1bte"
Unable to read VR Path Registry from C:\Users\RUDRA.LAPTOP-RDI7T2JU\AppData\Local\openvr\openvrpaths.vrpath
Unable to read VR Path Registry from C:\Users\RUDRA.LAPTOP-RDI7T2JU\AppData\Local\openvr\openvrpaths.vrpath
Unable to read VR Path Registry from C:\Users\RUDRA.LAPTOP-RDI7T2JU\AppData\Local\openvr\openvrpaths.vrpath
Unable to read VR Path Registry from C:\Users\RUDRA.LAPTOP-RDI7T2JU\AppData\Local\openvr\openvrpaths.vrpath
Unable to read VR Path Registry from C:\Users\RUDRA.LAPTOP-RDI7T2JU\AppData\Local\openvr\openvrpaths.vrpath
1533265260875	Marionette	INFO	Listening on port 58230
1533265261185	Marionette	WARN	TLS certificate errors will be ignored for this session
Unable to read VR Path Registry from C:\Users\RUDRA.LAPTOP-RDI7T2JU\AppData\Local\openvr\openvrpaths.vrpath
[Parent 7912, Gecko_IOThread] WARNING: pipe error: 109: file z:/build/build/src/ipc/chromium/src/chrome/common/ipc_channel_win.cc, line 346
[GPU 12396, Chrome_Chil
###!!! [Child][MessageChannel::SendAndWait] Error: Channel error: cannot send/recv

533265419199	mozrunner::runner	INFO	Running command: "C:\\Program Files\\Mozilla Firefox\\firefox.exe" "-marionette" "-foreground" "-no-remote" "-profile" "C:\\Users\\RUDRA~1.LAP\\AppData\\Local\\Temp\\rust_mozprofile.3IdEhW8N1CPC"
Unable to read VR Path Registry from C:\Users\RUDRA.LAPTOP-RDI7T2JU\AppData\Local\openvr\openvrpaths.vrpath
Unable to read VR Path Registry from C:\Users\RUDRA.LAPTOP-RDI7T2JU\AppData\Local\openvr\openvrpaths.vrpath
Unable to read VR Path Registry from C:\Users\RUDRA.LAPTOP-RDI7T2JU\AppData\Local\openvr\openvrpaths.vrpath
Unable to read VR Path Registry from C:\Users\RUDRA.LAPTOP-RDI7T2JU\AppData\Local\openvr\openvrpaths.vrpath
Unable to read VR Path Registry from C:\Users\RUDRA.LAPTOP-RDI7T2JU\AppData\Local\openvr\openvrpaths.vrpath
1533265424889	Marionette	INFO	Listening on port 58338
1533265426008	Marionette	WARN	TLS certificate errors will be ignored for this session
[Parent 5936, Gecko_IOThread] WARNING: pipe error: 109: file z:/build/build/src/ipc/chromium/src/chrome/common/ipc_channel_win.cc, line 346
[Parent 5936, Gecko_IOThread] WARNING: pipe error: 109: file z:/build/build/src/ipc/chromium/src/chrome/common/ipc_channel_win.cc, line 346
[Parent 5936, Gecko_IOThread] WARNING: pipe error: 109: file Unable to read VR Path Registry from C:\Users\RUDRA.LAPTOP-RDI7T2JU\AppData\Loca*** UTM:SVC TimerManager:regiUnable to read VR Path Registry from C:\Users\RUDRA.LAPTOP-RDI7T2JU\AppData\Local\openvr\openvrpaths.vrpath
Unable to read VR Path Registry from C:\Users\RUDRA.LAPTOP-RDI7T2JU\AppData\Local\openvr\openvrpaths.vrpath
Unable to read VR Path Registry from C:\Users\RUDRA.LAPTOP-RDI7T2JU\AppData\Local\openvr\openvrpaths.vrpath
Unable to read VR Path Registry from C:\Users\RUDRA.LAPTOP-RDI7T2JU\AppData\Local\openvr\openvrpaths.vrpath
1533265458690	Marionette	INFO	Listening on port 58388
1533265459226	Marionette	WARN	TLS certificate errors will be ignored for this session
Unable to read VR Path Registry from C:\Users\RUDRA.LAPTOP-RDI7T2JU\AppData\Local\openvr\openvrpaths.vrpath
*** UTM:SVC TimerManager:registerTimer called after profile-before-change notification. Ignoring timer registration for id: telemetry_modules_ping
[GPU 9996, Chrome_ChildThrea
###!!! [Child][MessageChannel::SendAndWait] Error: Channel error: cannot send/recv

1533266184912	geckodriver	INFO	geckodriver 0.21.0
1533266184932	geckodriver	INFO	Listening on 127.0.0.1:58618
1533266187959	mozrunner::runner	INFO	Running command: "C:\\Program Files\\Mozilla Firefox\\firefox.exe" "-marionette" "-foreground" "-no-remote" "-profile" "C:\\Users\\RUDRA~1.LAP\\AppData\\Local\\Temp\\rust_mozprofile.Q4ianB1yDhV0"
Unable to read VR Path Registry from C:\Users\RUDRA.LAPTOP-RDI7T2JU\AppData\Local\openvr\openvrpaths.vrpath
Unable to read VR Path Registry from C:\Users\RUDRA.LAPTOP-RDI7T2JU\AppData\Local\openvr\openvrpaths.vrpath
Unable to read VR Path Registry from C:\Users\RUDRA.LAPTOP-RDI7T2JU\AppData\Local\openvr\openvrpaths.vrpath
Unable to read VR Path Registry from C:\Users\RUDRA.LAPTOP-RDI7T2JU\AppData\Local\openvr\openvrpaths.vrpath
Unable to read VR Path Registry from C:\Users\RUDRA.LAPTOP-RDI7T2JU\AppData\Local\openvr\openvrpaths.vrpath
1533266193231	Marionette	INFO	Listening on port 58626
1533266194425	Marionette	WARN	TLS certificate errors will be ignored for this session
[Parent 10788, Gecko_IOThread] WARNING: pipe error: 109: file z:/build/build/src/ipc/chromium/src/chrome/common/ipc_channel_win.cc, line 346
[Child 8884, Chrome_ChildThread] WARNING: pipe error: 109: file z:/build/build/src/ipc/chromium/src/chrome/common/ipc_channel_win.cc, line 346
[Child 8884, Chrome_ChildThread] WARNINGIPDL protocol error: Handler returned error code!

###!!! [Parent][DispatchAsyncMessage] Error: PLayerTransaction::Msg_ReleaseLayer Processing error: message was deserialized, but the handler returned false (indicating failure)

IPDL protocol error: Handler returned error code!

###!!! [Parent][DispatchAsyncMessage] Error: PLayerTransaction::Msg_ReleaseLayer Processing error: message was deserialized, but the handler returned false (indicating failure)

IPDL protocol error: Handler returned error code!

###!!! [Parent][DispatchAsyncMessage] Error: PLayerTransaction::Msg_ReleaseLayer Processing error: message was deserialized, but the handler returned false (indicating failure)

IPDL protocol error: Handler returned error code!

###!!! [Parent][DispatchAsyncMessage] Error: PLayerTransaction::Msg_ReleaseLayer Processing error: message was deserialized, but the handler returned false (indicating failure)

[Parent 10788, Gecko_IOThread] WARNING: pipe error: 109: file z:/build/build/src/ipc/chromium/src/chrome/common/ipc_channel_win.cc, line 346
[Child 9708, Chrome_ChildThread] WARNING: pipe error: 109: file z:/build/build/src/ipc/chromium/src/chrome/common/ipc_channel_win.cc, line 346
[Child 9708, Chrome_ChildThread] WARNING[Parent 10788, Gecko_IOThread] WARNING: pipe error: 109: file z:/build/build/src/ipc/chromium/src/chrome/common/ipc_channel_win.cc, line 346
[Child 12124, Chrome_ChildThread] WARNING: pipe error: 109: file z:/build/build/src/ipc/chromium/src/chrome/common/ipc_channel_win.cc, line 346
[Child 12124, Chrome_ChildThread] WARNING: pipe error: 109: file z:/build/build/src/ipc/chromium/src/chrome/common/ipc_cha
###!!! [Child][MessageChannel::SendAndWait] Error: Channel error: cannot send/recv

1533266319807	geckodriver	INFO	geckodriver 0.21.0
1533266319819	geckodriver	INFO	Listening on 127.0.0.1:58683
1533266322889	mozrunner::runner	INFO	Running command: "C:\\Program Files\\Mozilla Firefox\\firefox.exe" "-marionette" "-foreground" "-no-remote" "-profile" "C:\\Users\\RUDRA~1.LAP\\AppData\\Local\\Temp\\rust_mozprofile.srh66r6KDEET"
Unable to read VR Path Registry from C:\Users\RUDRA.LAPTOP-RDI7T2JU\AppData\Local\openvr\openvrpaths.vrpath
Unable to read VR Path Registry from C:\Users\RUDRA.LAPTOP-RDI7T2JU\AppData\Local\openvr\openvrpaths.vrpath
Unable to read VR Path Registry from C:\Users\RUDRA.LAPTOP-RDI7T2JU\AppData\Local\openvr\openvrpaths.vrpath
Unable to read VR Path Registry from C:\Users\RUDRA.LAPTOP-RDI7T2JU\AppData\Local\openvr\openvrpaths.vrpath
Unable to read VR Path Registry from C:\Users\RUDRA.LAPTOP-RDI7T2JU\AppData\Local\openvr\openvrpaths.vrpath
1533266328751	Marionette	INFO	Listening on port 58691
1533266329645	Marionette	WARN	TLS certificate errors will be ignored for this session
[Parent 9844, Gecko_IOThread] WARNING: pipe error: 109: file z:/build/build/src/ipc/chromium/src/chrome/common/ipc_channel_win.cc, line 346
[GPU 9904, Chrome_ChildTh
###!!! [Child][MessageChannel::SendAndWait] Error: Channel error: cannot send/recv

 "-profile" "C:\\Users\\RUDRA~1.LAP\\AppData\\Local\\Temp\\rust_mozprofile.EEjNM3IYghOV"
Unable to read VR Path Registry from C:\Users\RUDRA.LAPTOP-RDI7T2JU\AppData\Local\openvr\openvrpaths.vrpath
Unable to read VR Path Registry from C:\Users\RUDRA.LAPTOP-RDI7T2JU\AppData\Local\openvr\openvrpaths.vrpath
Unable to read VR Path Registry from C:\Users\RUDRA.LAPTOP-RDI7T2JU\AppData\Local\openvr\openvrpaths.vrpath
Unable to read VR Path Registry from C:\Users\RUDRA.LAPTOP-RDI7T2JU\AppData\Local\openvr\openvrpaths.vrpath
Unable to read VR Path Registry from C:\Users\RUDRA.LAPTOP-RDI7T2JU\AppData\Local\openvr\openvrpaths.vrpath
1533266371893	Marionette	INFO	Listening on port 58737
1533266372575	Marionette	WARN	TLS certificate errors will be ignored for this session
[Parent 6796, Gecko_IOThread] WARNING: pipe error: 109: file z:/build/build/src/ipc/chromium/src/chrome/common/ipc_channel_win.cc, line 346
[Parent 6796, Gecko_IOThread] WARNING: pipe error: 109: file z:/build/build/src/ipc/chromium/src/chrome/common/ipc_channel_win.cc, line 346
*** UTM:SVC TimerManager:registerTimer called after profile-before-change notification. Ignoring timer registration for id: telemetry_modules_ping
[GPU 6244, Chrome_ChildThread] 
###!!! [Child][MessageChannel::SendAndWait] Error: Channel error: cannot send/recv

1533271400085	geckodriver	INFO	geckodriver 0.21.0
1533271400095	geckodriver	INFO	Listening on 127.0.0.1:60116
1533271403151	mozrunner::runner	INFO	Running command: "C:\\Program Files\\Mozilla Firefox\\firefox.exe" "-marionette" "-foreground" "-no-remote" "-profile" "C:\\Users\\RUDRA~1.LAP\\AppData\\Local\\Temp\\rust_mozprofile.PKlf62tdlMgf"
Unable to read VR Path Registry from C:\Users\RUDRA.LAPTOP-RDI7T2JU\AppData\Local\openvr\openvrpaths.vrpath
Unable to read VR Path Registry from C:\Users\RUDRA.LAPTOP-RDI7T2JU\AppData\Local\openvr\openvrpaths.vrpath
Unable to read VR Path Registry from C:\Users\RUDRA.LAPTOP-RDI7T2JU\AppData\Local\openvr\openvrpaths.vrpath
Unable to read VR Path Registry from C:\Users\RUDRA.LAPTOP-RDI7T2JU\AppData\Local\openvr\openvrpaths.vrpath
Unable to read VR Path Registry from C:\Users\RUDRA.LAPTOP-RDI7T2JU\AppData\Local\openvr\openvrpaths.vrpath
1533271416659	Marionette	INFO	Listening on port 60124
[Parent 14304, Gecko_IOThread] WARNING: pipe error: 109: file z:/build/build/src/ipc/chromium/src/chrome/common/ipc_channel_win.cc, line 346
[Child 9624, Chrome_ChildThread] WARNING: pipe error: 109: file z:/build/build/src/ipc/chromium/src/chrome/common/ipc_channel_win.cc, line 346
[Child 96241533271417029	Marionette	WARN	TLS certificate errors will be ignored for this session
Unable to read VR Path Registry from C:\Users\RUDRA.LAPTOP-RDI7T2JU\AppData\Local\openvr\openvrpaths.vrpath
Unable to read VR Path Registry from C:\Users\RUDRA.LAPTOP-RDI7T2JU\AppData\Local\openvr\openvrpaths.vrpath
[Child 14000, Chrome_ChildThread] WARNING: pipe error: 109: file z:/build/build/src/ipc/chromium/src/chrome/common/ipc_channel_win.cc, line 346
[Child 1[Parent 14304, Gecko_IOThread] WARNING: pipe error: 109: file z:/build/build/src/ipc/chromium/src/chrome/common/ipc_channel_win.cc, line 346
[Child 5940, Chrome_ChildThread] WARNING: pipe error: 109: file z:/build/build/src/ipc/chromium/src/chrome/common/ipc_channel_win.cc, line 346
[Child 594[GPU 4788, Chrome_ChildThread] WARNING: pipe
###!!! [Child][MessageChannel::SendAndWait] Error: Channel error: cannot send/recv

1533271680275	geckodriver	INFO	geckodriver 0.21.0
1533271680291	geckodriver	INFO	Listening on 127.0.0.1:60208
1533271683302	mozrunner::runner	INFO	Running command: "C:\\Program Files\\Mozilla Firefox\\firefox.exe" "-marionette" "-foreground" "-no-remote" "-profile" "C:\\Users\\RUDRA~1.LAP\\AppData\\Local\\Temp\\rust_mozprofile.VUJCzUICKBsI"
Unable to read VR Path Registry from C:\Users\RUDRA.LAPTOP-RDI7T2JU\AppData\Local\openvr\openvrpaths.vrpath
Unable to read VR Path Registry from C:\Users\RUDRA.LAPTOP-RDI7T2JU\AppData\Local\openvr\openvrpaths.vrpath
Unable to read VR Path Registry from C:\Users\RUDRA.LAPTOP-RDI7T2JU\AppData\Local\openvr\openvrpaths.vrpath
1533271692102	Marionette	INFO	Listening on port 60216
1533271692816	Marionette	WARN	TLS certificate errors will be ignored for this session
Unable to read VR Path Registry from C:\Users\RUDRA.LAPTOP-RDI7T2JU\AppData\Local\openvr\openvrpaths.vrpath
Unable to read VR Path Registry from C:\Users\RUDRA.LAPTOP-RDI7T2JU\AppData\Local\openvr\openvrpaths.vrpath
[Child 5168, Chrome_ChildThread] WARNING: pipe error: 109: file z:/build/build/src/ipc/chromium/src/chrome/common/ipc_channel_win.cc, line 346
[Child 5168, Chrome_ChildThread] WARNING: pipe error: 109: file z:/build/build/src/ipc/chromium/src/chrome/common/ipc_channel_win.cc, line 346
[Parent 7048, Gecko_IOThread] WARNING: pipe error: 109: file z:/build/build/src/ipc/chromium/src/chrome/common/ipc_channel_win.cc, line 346
[*** UTM:SVC TimerManager:registerTimer called after profile-before-change notification. Ignoring timer registration for id: telemetry_modules_ping
[GPU 3384, Chrome_ChildThread] 
###!!! [Child][MessageChannel::SendAndWait] Error: Channel error: cannot send/recv

1533271745549	geckodriver	INFO	geckodriver 0.21.0
1533271745565	geckodriver	INFO	Listening on 127.0.0.1:60259
1533271748556	mozrunner::runner	INFO	Running command: "C:\\Program Files\\Mozilla Firefox\\firefox.exe" "-marionette" "-foreground" "-no-remote" "-profile" "C:\\Users\\RUDRA~1.LAP\\AppData\\Local\\Temp\\rust_mozprofile.mAaBaHddQXCe"
Unable to read VR Path Registry from C:\Users\RUDRA.LAPTOP-RDI7T2JU\AppData\Local\openvr\openvrpaths.vrpath
Unable to read VR Path Registry from C:\Users\RUDRA.LAPTOP-RDI7T2JU\AppData\Local\openvr\openvrpaths.vrpath
Unable to read VR Path Registry from C:\Users\RUDRA.LAPTOP-RDI7T2JU\AppData\Local\openvr\openvrpaths.vrpath
Unable to read VR Path Registry from C:\Users\RUDRA.LAPTOP-RDI7T2JU\AppData\Local\openvr\openvrpaths.vrpath
Unable to read VR Path Registry from C:\Users\RUDRA.LAPTOP-RDI7T2JU\AppData\Local\openvr\openvrpaths.vrpath
1533271754569	Marionette	INFO	Listening on port 60267
1533271755106	Marionette	WARN	TLS certificate errors will be ignored for this session
*** UTM:SVC TimerManager:registerTimer called after profile-before-change notification. Ignoring timer registration for id: telemetry_modules_ping
[GPU 14344, Chrome_ChildThread]
###!!! [Child][MessageChannel::SendAndWait] Error: Channel error: cannot send/recv

1533271861098	geckodriver	INFO	geckodriver 0.21.0
1533271861114	geckodriver	INFO	Listening on 127.0.0.1:60308
1533271864172	mozrunner::runner	INFO	Running command: "C:\\Program Files\\Mozilla Firefox\\firefox.exe" "-marionette" "-foreground" "-no-remote" "-profile" "C:\\Users\\RUDRA~1.LAP\\AppData\\Local\\Temp\\rust_mozprofile.5cfZU80oTZAk"
Unable to read VR Path Registry from C:\Users\RUDRA.LAPTOP-RDI7T2JU\AppData\Local\openvr\openvrpaths.vrpath
Unable to read VR Path Registry from C:\Users\RUDRA.LAPTOP-RDI7T2JU\AppData\Local\openvr\openvrpaths.vrpath
Unable to read VR Path Registry from C:\Users\RUDRA.LAPTOP-RDI7T2JU\AppData\Local\openvr\openvrpaths.vrpath
Unable to read VR Path Registry from C:\Users\RUDRA.LAPTOP-RDI7T2JU\AppData\Local\openvr\openvrpaths.vrpath
Unable to read VR Path Registry from C:\Users\RUDRA.LAPTOP-RDI7T2JU\AppData\Local\openvr\openvrpaths.vrpath
1533271868439	Marionette	INFO	Listening on port 60316
1533271868535	Marionette	WARN	TLS certificate errors will be ignored for this session
[Parent 14700, Gecko_IOThread] WARNING: pipe error: 109: file z:/build/build/src/ipc/chromium/src/chrome/common/ipc_channel_win.cc, line 346
[Parent 14700, Gecko_IOThread] WARNING: pipe error: 109: file z:/build/build/src/ipc/chromium/src/chrome/common/ipc_channel_win.cc, line 346
[Child 14928, Chrome_ChildThread] WARNING: pipe error: 109: file z:/build/build/src/ipc/chromium/src/chrome/common/ipc_channel_win.cc, line 346
[Child 14928, Chrome_ChildThr[GPU 12276, Chrome_ChildThr
###!!! [Child][MessageChannel::SendAndWait] Error: Channel error: cannot send/recv

ad VR Path Registry from C:\Users\RUDRA.LAPTOP-RDI7T2JU\AppData\Local\openvr\openvrpaths.vrpath
Unable to read VR Path Registry from C:\Users\RUDRA.LAPTOP-RDI7T2JU\AppData\Local\openvr\openvrpaths.vrpath
Unable to read VR Path Registry from C:\Users\RUDRA.LAPTOP-RDI7T2JU\AppData\Local\openvr\openvrpaths.vrpath
1533271964550	Marionette	INFO	Listening on port 60377
1533271964728	Marionette	WARN	TLS certificate errors will be ignored for this session
[Child 3384, Chrome_ChildThread] WARNING: pipe error: 109: file z:/build/build/src/ipc/chromium/src/chrome/common/ipc_channel_win.cc, line 346
[Child 33[Parent 15324, Gecko_IOThread] WARNING: pipe error: 109: file z:/build/build/src/ipc/chromium/src/chrome/common/ipc_channel_win.cc, line 346
[Parent 15324, Gecko_IOThread] WARNING: pipe error: 109: file z:/build/build/src/ipc/chromium/src/chrome/common/ipc_channel_win.cc, line 346
[Child 6228, Chrome_ChildThread] WARNING: pipe error: 109: file z:/build/build/src/ipc/chromium/src/chrome/common/ipc_channel_win.cc, line 346
[Child 6228, Chrome_Chil*** UTM:SVC TimerManager:registerTimer called after profile-before-change notification. Ignoring timer registration for id: telemetry_modules_ping
[GPU 6520, Chrome_ChildThre
###!!! [Child][MessageChannel::SendAndWait] Error: Channel error: cannot send/recv

1533272104569	geckodriver	INFO	geckodriver 0.21.0
1533272104569	geckodriver	INFO	Listening on 127.0.0.1:60470
1533272107575	mozrunner::runner	INFO	Running command: "C:\\Program Files\\Mozilla Firefox\\firefox.exe" "-marionette" "-foreground" "-no-remote" "-profile" "C:\\Users\\RUDRA~1.LAP\\AppData\\Local\\Temp\\rust_mozprofile.nkHzIAIDtJ8r"
Unable to read VR Path Registry from C:\Users\RUDRA.LAPTOP-RDI7T2JU\AppData\Local\openvr\openvrpaths.vrpath
Unable to read VR Path Registry from C:\Users\RUDRA.LAPTOP-RDI7T2JU\AppData\Local\openvr\openvrpaths.vrpath
Unable to read VR Path Registry from C:\Users\RUDRA.LAPTOP-RDI7T2JU\AppData\Local\openvr\openvrpaths.vrpath
Unable to read VR Path Registry from C:\Users\RUDRA.LAPTOP-RDI7T2JU\AppData\Local\openvr\openvrpaths.vrpath
1533272112406	Marionette	INFO	Listening on port 60478
1533272113925	Marionette	WARN	TLS certificate errors will be ignored for this session
Unable to read VR Path Registry from C:\Users\RUDRA.LAPTOP-RDI7T2JU\AppData\Local\openvr\openvrpaths.vrpath
[Parent 15952, Gecko_IOThread] WARNING: pipe error: 109: file z:/build/build/src/ipc/chromium/src/chrome/common/ipc_channel_win.cc, line 346
[Child 15436, Chrome_ChildThread] WARNING: pipe error: 109: file z:/build/build/src/ipc/chromium/src/chrome/common/ipc_channel_win.cc, line 346
[Parent 15952, Gecko_IOThread] WARNING: pipe error: 109: file z:/build/build/src/ipc/chromium/src/chrome/common/ipc_channel_win.cc, line 346
[Child 16232, Chrome_Chil*** UTM:SVC TimerManager:registerTimer called after profile-before-change notification. Ignoring timer registration for id: telemetry_modules_ping

###!!! [Child][MessageChannel::SendAndWait] Error: Channel error: cannot send/recv

1533272783598	geckodriver	INFO	geckodriver 0.21.0
1533272783598	geckodriver	INFO	Listening on 127.0.0.1:60568
1533272786629	mozrunner::runner	INFO	Running command: "C:\\Program Files\\Mozilla Firefox\\firefox.exe" "-marionette" "-foreground" "-no-remote" "-profile" "C:\\Users\\RUDRA~1.LAP\\AppData\\Local\\Temp\\rust_mozprofile.VOjx75zb0HfN"
Unable to read VR Path Registry from C:\Users\RUDRA.LAPTOP-RDI7T2JU\AppData\Local\openvr\openvrpaths.vrpath
Unable to read VR Path Registry from C:\Users\RUDRA.LAPTOP-RDI7T2JU\AppData\Local\openvr\openvrpaths.vrpath
Unable to read VR Path Registry from C:\Users\RUDRA.LAPTOP-RDI7T2JU\AppData\Local\openvr\openvrpaths.vrpath
Unable to read VR Path Registry from C:\Users\RUDRA.LAPTOP-RDI7T2JU\AppData\Local\openvr\openvrpaths.vrpath
Unable to read VR Path Registry from C:\Users\RUDRA.LAPTOP-RDI7T2JU\AppData\Local\openvr\openvrpaths.vrpath
1533272791820	Marionette	INFO	Listening on port 60576
1533272792221	Marionette	WARN	TLS certificate errors will be ignored for this session
1533272792342	addons.xpi	WARN	Exception running bootstrap method shutdown on activity-stream@mozilla.org: [Exception... "Component returned failure code: 0x80004005 (NS_ERROR_FAILURE) [nsIObserverService.removeObserver]"  nsresult: "0x80004005 (NS_ERROR_FAILURE)"  location: "JS frame :: resource://activity-stream/lib/TelemetryFeed.jsm :: uninit :: line 493"  data: no] Stack trace: uninit()@resource://activity-stream/lib/TelemetryFeed.jsm:493
onAction()@resource://activity-stream/lib/TelemetryFeed.jsm:451
_middleware/</<()@resource://activity-stream/lib/Store.jsm:51
Store/this[method]()@resource://activity-stream/lib/Store.jsm:29
uninit()@resource://activity-stream/lib/Store.jsm:170
uninit()@resource://activity-stream/lib/ActivityStream.jsm:318
uninit()@resource://gre/modules/addons/XPIProvider.jsm -> jar:file:///C:/Program%20Files/Mozilla%20Firefox/browser/features/activity-stream@mozilla.org.xpi!/bootstrap.js:79
shutdown()@resource://gre/modules/addons/XPIProvider.jsm -> jar:file:///C:/Program%20Files/Mozilla%20Firefox/browser/features/activity-stream@mozilla.org.xpi!/bootstrap.js:187
callBootstrapMethod()@resource://gre/modules/addons/XPIProvider.jsm:2757
observe()@resource://gre/modules/addons/XPIProvider.jsm:1672
[Child 9204, Chrome_ChildThread] WARNING: pipe error: 109: file z:/build/build/src/ipc/chromium/src/chrome/common/ipc_channel_win.cc, line 346
[Child 9564, Chrome_ChildThread] WARNING: pipe error: 109: file z:/build/build/src/ipc/chromium/src/chrome/common/ipc_channel_win.cc, line 346
[Child 9564, Chrome_ChildThr[Parent 10128, Gecko_IOThread] WARNING: pipe error: 109: file z:/build/build/src/ipc/chromium/src/chrome/common/ipc_channel_win.cc, line 346
[Child 11128, Chrome_ChildThread] WARNING: pipe error: 109: file z:/build/build/src/ipc/chromium/src/chrome/common/ipc_channel_win.cc, line 346

###!!! [Parent][MessageChannel] Error: (msgtype=0x2D0020,name=PContent::Msg_PreferenceUpdate) Closed channel: cannot send/recv

[Child 11128,
###!!! [Parent][MessageChannel] Error: (msgtype=0x2D0020,name=PContent::Msg_PreferenceUpdate) Closed channel: cannot send/recv

JavaScript error: resource://gre/modules/JSONFile.jsm, line 159: Error: Data is not ready.
console.error: PushService: 
  clearOriginData: Error clearing origin data:
  AbortError
console.error: PushService: 
  clearOriginData: Error clearing origin data:
  AbortError
console.error: PushService: 
  stateChangeProcessEnqueue: Error transitioning state
  AbortError

###!!! [Parent][DispatchAsyncMessage] Error: PBackgroundIDBFactory::Msg_PBackgroundIDBFactoryRequestConstructor Value error: message was deserialized, but contained an illegal value


###!!! [Parent][DispatchAsyncMessage] Error: PBackgroundIDBFactory::Msg_PBackgroundIDBFactoryRequestConstructor Value error: message was deserialized, but contained an illegal value

*** UTM:SVC TimerManager:registerTimer called after profile-before-change notification. Ignoring timer registration for id: telemetry_modules_ping
[GPU 14820, Chrome_Chil
###!!! [Child][MessageChannel::SendAndWait] Error: Channel error: cannot send/recv

1533272998086	geckodriver	INFO	geckodriver 0.21.0
1533272998086	geckodriver	INFO	Listening on 127.0.0.1:60600
1533273001179	mozrunner::runner	INFO	Running command: "C:\\Program Files\\Mozilla Firefox\\firefox.exe" "-marionette" "-foreground" "-no-remote" "-profile" "C:\\Users\\RUDRA~1.LAP\\AppData\\Local\\Temp\\rust_mozprofile.LCl4NEJ1eerv"
Unable to read VR Path Registry from C:\Users\RUDRA.LAPTOP-RDI7T2JU\AppData\Local\openvr\openvrpaths.vrpath
Unable to read VR Path Registry from C:\Users\RUDRA.LAPTOP-RDI7T2JU\AppData\Local\openvr\openvrpaths.vrpath
Unable to read VR Path Registry from C:\Users\RUDRA.LAPTOP-RDI7T2JU\AppData\Local\openvr\openvrpaths.vrpath
Unable to read VR Path Registry from C:\Users\RUDRA.LAPTOP-RDI7T2JU\AppData\Local\openvr\openvrpaths.vrpath
Unable to read VR Path Registry from C:\Users\RUDRA.LAPTOP-RDI7T2JU\AppData\Local\openvr\openvrpaths.vrpath
1533273005396	Marionette	INFO	Listening on port 60608
1533273005663	Marionette	WARN	TLS certificate errors will be ignored for this session
[Parent 16152, Gecko_IOThread] WARNING: pipe error: 109: file z:/build/build/src/ipc/chromium/src/chrome/common/ipc_channel_win.cc, line 346
*** UTM:SVC TimerManager:registerTimer called after profile-before-change notification. Ignoring timer registration for id: telemetry_modules_ping
[GPU 13220, Chrome_
###!!! [Child][MessageChannel::SendAndWait] Error: Channel error: cannot send/recv

1533273026464	geckodriver	INFO	geckodriver 0.21.0
1533273026480	geckodriver	INFO	Listening on 127.0.0.1:60646
1533273029510	mozrunner::runner	INFO	Running command: "C:\\Program Files\\Mozilla Firefox\\firefox.exe" "-marionette" "-foreground" "-no-remote" "-profile" "C:\\Users\\RUDRA~1.LAP\\AppData\\Local\\Temp\\rust_mozprofile.lzTB0tKEe0Zi"
Unable to read VR Path Registry from C:\Users\RUDRA.LAPTOP-RDI7T2JU\AppData\Local\openvr\openvrpaths.vrpath
Unable to read VR Path Registry from C:\Users\RUDRA.LAPTOP-RDI7T2JU\AppData\Local\openvr\openvrpaths.vrpath
Unable to read VR Path Registry from C:\Users\RUDRA.LAPTOP-RDI7T2JU\AppData\Local\openvr\openvrpaths.vrpath
Unable to read VR Path Registry from C:\Users\RUDRA.LAPTOP-RDI7T2JU\AppData\Local\openvr\openvrpaths.vrpath
Unable to read VR Path Registry from C:\Users\RUDRA.LAPTOP-RDI7T2JU\AppData\Local\openvr\openvrpaths.vrpath
1533273033783	Marionette	INFO	Listening on port 60654
1533273033943	Marionette	WARN	TLS certificate errors will be ignored for this session
[Parent 3464, Gecko_IOThread] WARNING: pipe error: 109: file z:/build/build/src/ipc/chromium/src/chrome/common/ipc_channel_win.cc, line 346
[Child 10072, Chrome[Parent 3464, Gecko_IOThread] WARNING: pipe error: 109: file z:/build/build/src/ipc/chromium/src/chrome/common/ipc_channel_win.cc, line 346
*** UTM:SVC TimerManager:registerTimer called after profile-before-change notification. Ignoring timer registration for id: telemetry_modules_ping
[GPU 2348, Chrome_Chil
###!!! [Child][MessageChannel::SendAndWait] Error: Channel error: cannot send/recv


Unable to read VR Path Registry from C:\Users\RUDRA.LAPTOP-RDI7T2JU\AppData\Local\openvr\openvrpaths.vrpath
Unable to read VR Path Registry from C:\Users\RUDRA.LAPTOP-RDI7T2JU\AppData\Local\openvr\openvrpaths.vrpath
Unable to read VR Path Registry from C:\Users\RUDRA.LAPTOP-RDI7T2JU\AppData\Local\openvr\openvrpaths.vrpath
1533273069963	Marionette	INFO	Listening on port 60703
1533273070132	Marionette	WARN	TLS certificate errors will be ignored for this session
Unable to read VR Path Registry from C:\Users\RUDRA.LAPTOP-RDI7T2JU\AppData\Local\openvr\openvrpaths.vrpath
[Parent 8136, Gecko_IOThread] WARNING: pipe error: 109: file z:/build/build/src/ipc/chromium/src/chrome/common/ipc_channel_win.cc, line 346
[Parent 8136, Gecko_IOThread] WARNING: pipe error: 109: file z:/build/build/src/ipc/chromium/src/chrome/common/ipc_channel_win.cc, line 346

###!!! [Child][RunMessage] Error: Channel closing: too late to send/recv, messages will be lost

[Parent 8136, Gecko_IOThread] WARNING: pipe error: 109: file z:/build/build/src/ipc/chromium/src/chrome/common/ipc_channel_win.cc, line 346

###!!! [Child][MessageChannel::SendAndWait] Error: Channel error: cannot send/recv

1533304043213	geckodriver	INFO	geckodriver 0.21.0
1533304043228	geckodriver	INFO	Listening on 127.0.0.1:63643
1533304046259	mozrunner::runner	INFO	Running command: "C:\\Program Files\\Mozilla Firefox\\firefox.exe" "-marionette" "-foreground" "-no-remote" "-profile" "C:\\Users\\RUDRA~1.LAP\\AppData\\Local\\Temp\\rust_mozprofile.XShdFviy8PYb"
Unable to read VR Path Registry from C:\Users\RUDRA.LAPTOP-RDI7T2JU\AppData\Local\openvr\openvrpaths.vrpath
Unable to read VR Path Registry from C:\Users\RUDRA.LAPTOP-RDI7T2JU\AppData\Local\openvr\openvrpaths.vrpath
Unable to read VR Path Registry from C:\Users\RUDRA.LAPTOP-RDI7T2JU\AppData\Local\openvr\openvrpaths.vrpath
Unable to read VR Path Registry from C:\Users\RUDRA.LAPTOP-RDI7T2JU\AppData\Local\openvr\openvrpaths.vrpath
Unable to read VR Path Registry from C:\Users\RUDRA.LAPTOP-RDI7T2JU\AppData\Local\openvr\openvrpaths.vrpath
1533304050225	Marionette	INFO	Listening on port 63651
1533304050976	Marionette	WARN	TLS certificate errors will be ignored for this session
[Parent 19508, Gecko_IOThread] WARNING: pipe error: 109: file z:/build/build/src/ipc/chromium/src/chrome/common/ipc_channel_win.cc, line 346
[Child 15580, Chrome_ChildThread] WARNING: pipe error: 109: file z:/build/build/src/ipc/chromium/src/chrome/common/ipc_channel_win.cc, line 346
[Child 15580,[Parent 19508, Gecko_IOThread] WARNING: pipe error: 109: file z:/build/build/src/ipc/chromium/src/chrome/common/ipc_channel_win.cc, line 346
*** UTM:SVC TimerManager:registerTimer called after profile-before-change notification. Ignoring timer registration for id: telemetry_modules_ping
[GPU 13280, Chrome_ChildThread
###!!! [Child][MessageChannel::SendAndWait] Error: Channel error: cannot send/recv

1533304075115	geckodriver	INFO	geckodriver 0.21.0
1533304075131	geckodriver	INFO	Listening on 127.0.0.1:63689
1533304078150	mozrunner::runner	INFO	Running command: "C:\\Program Files\\Mozilla Firefox\\firefox.exe" "-marionette" "-foreground" "-no-remote" "-profile" "C:\\Users\\RUDRA~1.LAP\\AppData\\Local\\Temp\\rust_mozprofile.aKKEtVdkBvPu"
Unable to read VR Path Registry from C:\Users\RUDRA.LAPTOP-RDI7T2JU\AppData\Local\openvr\openvrpaths.vrpath
Unable to read VR Path Registry from C:\Users\RUDRA.LAPTOP-RDI7T2JU\AppData\Local\openvr\openvrpaths.vrpath
Unable to read VR Path Registry from C:\Users\RUDRA.LAPTOP-RDI7T2JU\AppData\Local\openvr\openvrpaths.vrpath
Unable to read VR Path Registry from C:\Users\RUDRA.LAPTOP-RDI7T2JU\AppData\Local\openvr\openvrpaths.vrpath
Unable to read VR Path Registry from C:\Users\RUDRA.LAPTOP-RDI7T2JU\AppData\Local\openvr\openvrpaths.vrpath
1533304082368	Marionette	INFO	Listening on port 63697
1533304082610	Marionette	WARN	TLS certificate errors will be ignored for this session
[Child 16816, Chrome_ChildThread] WARNING: pipe error: 109: file z:/build/build/src/ipc/chromium/src/chrome/common/ipc_channel_win.cc, line 346
[Child 16816, Chrome_ChildThread] WARNING: pipe error: 109: file z:/build/build/src/ipc/chromium/src/chrome/common/ipc_channel_win.cc, lin[Parent 2556, Gecko_IOThread] WARNING: pipe error: 109: file z:/build/build/src/ipc/chromium/src/chrome/common/ipc_channel_win.cc, line 346
*** UTM:SVC TimerManager:registerTimer called after profile-before-change notification. Ignoring timer registration for id: telemetry_modules_ping
[GPU 7408, Chrome_ChildThread] WARN
###!!! [Child][MessageChannel::SendAndWait] Error: Channel error: cannot send/recv

1533304154231	geckodriver	INFO	geckodriver 0.21.0
1533304154246	geckodriver	INFO	Listening on 127.0.0.1:63741
1533304157256	mozrunner::runner	INFO	Running command: "C:\\Program Files\\Mozilla Firefox\\firefox.exe" "-marionette" "-foreground" "-no-remote" "-profile" "C:\\Users\\RUDRA~1.LAP\\AppData\\Local\\Temp\\rust_mozprofile.3t7JohN6WWar"
Unable to read VR Path Registry from C:\Users\RUDRA.LAPTOP-RDI7T2JU\AppData\Local\openvr\openvrpaths.vrpath
Unable to read VR Path Registry from C:\Users\RUDRA.LAPTOP-RDI7T2JU\AppData\Local\openvr\openvrpaths.vrpath
Unable to read VR Path Registry from C:\Users\RUDRA.LAPTOP-RDI7T2JU\AppData\Local\openvr\openvrpaths.vrpath
Unable to read VR Path Registry from C:\Users\RUDRA.LAPTOP-RDI7T2JU\AppData\Local\openvr\openvrpaths.vrpath
Unable to read VR Path Registry from C:\Users\RUDRA.LAPTOP-RDI7T2JU\AppData\Local\openvr\openvrpaths.vrpath
1533304162700	Marionette	INFO	Listening on port 63749
1533304164376	Marionette	WARN	TLS certificate errors will be ignored for this session
[Parent 14416, Gecko_IOThread] WARNING: pipe error: 109: file z:/build/build/src/ipc/chromium/src/chrome/common/ipc_channel_win.cc, line 346
Unable to read VR Path Registry from C:\Users\RUDRA.LAPTOP-RDI7T2JU\AppData\Local\openvr\openvrpaths.vrpath
Unable to read VR Path Registry from C:\Users\RUDRA.LAPTOP-RDI7T2JU\AppData\Local\openvr\openvrpaths.vrpath
[Parent 14416, Gecko_IOThread] WARNING: pipe error: 109: file z:/build/build/src/ipc/chromium/src/chrome/common/ipc_channel_win.cc, line 346
[Child 6120, Chrome_ChildThread] WARNING: pipe error: 109: file z:/build/build/src/ipc/chromium/src/chrome/common/ipc_channel_win.cc, line 346
[Child 6120, Chrome_ChildThread] WARNING: Unable to read VR Path Registry from C:\Users\RUDRA.LAPTOP-RDI7T2JU\AppData\Local\openvr\openvrpaths.vrpath
[Parent 14416, Gecko_IOThread] WARNING: pipe error: 109: file z:/build/build/src/ipc/chromium/src/chrome/common/ipc_channel_win.cc, line 346
[Parent 14416, Gecko_IOThread] WARNING: pipe error: 109: file z:/build/build/src/ipc/chromium/src/chrome/common/ipc_channel_win.cc, line 346
[Child 592, Chrome_ChildThread] WARNING: pipe error: 109: file z:/build/build/src/ipc/chromium/src/chrome/common/ipc_channel_win.cc, line 346
[Child 592, Chrome_ChildTh[Child 2268, Chrome_ChildThread] WARNING: pipe error: 109: file z:/build/build/src/ipc/chromium/src/chrome/common/ipc_channel_win.cc, line 346
[Child 10780[Child 2268, Chrome_Chil, Chrome_ChildThread] WARNING: pipe error: 109: file z:/
###!!! [Child][RunMessage] Error: Channel closing: too late to send/recv, messages will be lost

build/build/src/ipc/chromium/src/chrome/common/ipc_channel_win.cc, line 346
[Child 10780[Parent 14416, Gecko_IOThread] WARNING: pipe error: 109: file z:/build/build/src/ipc/chromium/src/chrome/common/ipc_channel_win.cc, line 346
[Child 15684, Chrome_ChildThread] WARNING: pipe error: 109: file z:/build/build/src/ipc/chromium/src/chrome/common/ipc_channel_win.cc, line 346
[Child 156[GPU 6808, Chrome_Ch
###!!! [Child][MessageChannel::SendAndWait] Error: Channel error: cannot send/recv

1533304978566	geckodriver	INFO	geckodriver 0.21.0
1533304978582	geckodriver	INFO	Listening on 127.0.0.1:63911
1533304981612	mozrunner::runner	INFO	Running command: "C:\\Program Files\\Mozilla Firefox\\firefox.exe" "-marionette" "-foreground" "-no-remote" "-profile" "C:\\Users\\RUDRA~1.LAP\\AppData\\Local\\Temp\\rust_mozprofile.cr6xxKGFoiOc"
Unable to read VR Path Registry from C:\Users\RUDRA.LAPTOP-RDI7T2JU\AppData\Local\openvr\openvrpaths.vrpath
Unable to read VR Path Registry from C:\Users\RUDRA.LAPTOP-RDI7T2JU\AppData\Local\openvr\openvrpaths.vrpath
Unable to read VR Path Registry from C:\Users\RUDRA.LAPTOP-RDI7T2JU\AppData\Local\openvr\openvrpaths.vrpath
Unable to read VR Path Registry from C:\Users\RUDRA.LAPTOP-RDI7T2JU\AppData\Local\openvr\openvrpaths.vrpath
Unable to read VR Path Registry from C:\Users\RUDRA.LAPTOP-RDI7T2JU\AppData\Local\openvr\openvrpaths.vrpath
1533304986662	Marionette	INFO	Listening on port 63919
1533304986790	Marionette	WARN	TLS certificate errors will be ignored for this session
[Parent 18004, Gecko_IOThread] WARNING: pipe error: 109: file z:/build/build/src/ipc/chromium/src/chrome/common/ipc_channel_win.cc, line 346
[Child 3288, Chrome_ChildThread] WARNING: pipe error: 109: file z:/build/build/src/ipc/chromium/src/chrome/common/ipc_channel_win.cc, line 346
[Child 3288, Chrome_ChildThread] WARNI*** UTM:SVC TimerManager:registerTimer called after profile-before-change notification. Ignoring timer registration for id: telemetry_modules_ping

###!!! [Child][MessageChannel::SendAndWait] Error: Channel error: cannot send/recv


Unable to read VR Path Registry from C:\Users\RUDRA.LAPTOP-RDI7T2JU\AppData\Local\openvr\openvrpaths.vrpath
Unable to read VR Path Registry from C:\Users\RUDRA.LAPTOP-RDI7T2JU\AppData\Local\openvr\openvrpaths.vrpath
Unable to read VR Path Registry from C:\Users\RUDRA.LAPTOP-RDI7T2JU\AppData\Local\openvr\openvrpaths.vrpath
1533305030573	Marionette	INFO	Listening on port 63965
1533305030675	Marionette	WARN	TLS certificate errors will be ignored for this session
console.warn: LoginRecipes: getRecipes: falling back to a synchronous message for: https://twitter.com
console.warn: nsLoginManager: searchLogins: `formSubmitURL` or `httpRealm` is recommended
[Parent 10828, Gecko_IOThread] WARNING: pipe error: 109: file z:/build/build/src/ipc/chromium/src/chrome/common/ipc_channel_win.cc, line 346
[Child 13444, Chrome_ChildThread] WARNING: pipe error: 109: file z:/build/build/src/ipc/chromium/src/chrome/common/ipc_channel_win.cc, line 346
[Child 13444, Chrome_ChildThread] WARNING: pipe error: 109: file z:/build/build/src/ipc/chromium/src/chrome/common/ipc_channel_win.cc, line 346
IPDL protocol error: Handler returned error code!

###!!! [Parent][DispatchAsyncMessage] Error: PLayerTransaction::Msg_ReleaseLayer Processing error: message was deserialized, but the handler returned false (indicating failure)

IPDL protocol error: Handler returned error code!

###!!! [Parent][DispatchAsyncMessage] Error: PLayerTransaction::Msg_ReleaseLayer Processing error: message was deserialized, but the handler returned false (indicating failure)

IPDL protocol error: Handler returned error code!

###!!! [Parent][DispatchAsyncMessage] Error: PLayerTransaction::Msg_ReleaseLayer Processing error: message was deserialized, but the handler returned false (indicating failure)

IPDL protocol error: Handler returned error code!

###!!! [Parent][DispatchAsyncMessage] Error: PLayerTransaction::Msg_ReleaseLayer Processing error: message was deserialized, but the handler returned false (indicating failure)

IPDL protocol error: Handler returned error code!

###!!! [Parent][DispatchAsyncMessage] Error: PLayerTransaction::Msg_ReleaseLayer Processing error: message was deserialized, but the handler returned false (indicating failure)

IPDL protocol error: Handler returned error code!

###!!! [Parent][DispatchAsyncMessage] Error: PLayerTransaction::Msg_ReleaseLayer Processing error: message was deserialized, but the handler returned false (indicating failure)

[Parent 10828, Gecko_IOThread] WARNING: pipe error: 109: file z:/build/build/src/ipc/chromium/src/chrome/common/ipc_channel_win.cc, line 346
[Parent 10828, Gecko_IOThread] WARNING: pipe error: 109: file z:/build/build/src/ipc/chr[Child 13004, Chrome_ChildThread] WARNING: pipe error: 109: file z:/build/build/src/ipc/chromium/src/chrome/common/ipc_channel_win.cc, line 346
[Child 13004, Chrome_ChildThread] WARNING: pipe error: 109: file z:/build/build/src/ipc/chromium/src/chrome/common/ipc_channel_win.cc, line 346
[Parent 19732, Gecko_IOThread] WARNING: pipe error: 109: file z:/build/build/src/ipc/chromium/src/chrome/common/ipc_channel_win.cc, line 346
[Child 7504, Chrome_ChildThread] WARNING: pipe error: 109: file z:/build/build/src/ipc/chromium/src/chrome/common/ipc_channel_win.cc, line 346
[Child 7504, Ch[Parent 19732, Gecko_IOThread] WARNING: pipe error: 109: file z:/build/build/src/ipc/chromium/src/chrome/common/ipc_channel_win.cc, line 346
[Child 19844, Chrome_ChildThread] WARNING: pipe error: 109: file z:/build/build/src/ipc/chromium/src/chrome/common/ipc_channel_win.cc, line 346
[Child 19*** UTM:SVC TimerManager:registerTimer called after profile-before-change notification. Ignoring timer registration for id: telemetry_modules_ping

###!!! [Child][MessageChannel::SendAndWait] Error: Channel error: cannot send/recv

openvrpaths.vrpath
Unable to read VR Path Registry from C:\Users\RUDRA.LAPTOP-RDI7T2JU\AppData\Local\openvr\openvrpaths.vrpath
1533305266322	Marionette	INFO	Listening on port 64104
1533305266874	Marionette	WARN	TLS certificate errors will be ignored for this session
console.warn: LoginRecipes: getRecipes: falling back to a synchronous message for: https://twitter.com
console.warn: nsLoginManager: searchLogins: `formSubmitURL` or `httpRealm` is recommended
Unable to read VR Path Registry from C:\Users\RUDRA.LAPTOP-RDI7T2JU\AppData\Local\openvr\openvrpaths.vrpath
Unable to read VR Path Registry from C:\Users\RUDRA.LAPTOP-RDI7T2JU\AppData\Local\openvr\openvrpaths.vrpath
[CUnable to read VR Path Registry from C:\Users\RUDRA.LAPTOP-RDI7T2JU\AppData\Local\openvr\openvrpaths.vrpath
[Child 18344, Chrome_ChildThread] WARNING: pipe error: 109: file z:/build/build/src/ipc/chromium/src/chrome/common/ipc_channel_win.cc, line 346
[Child 18344, Chrome_Cconsole.warn: LoginRecipes: getRecipes: falling back to a synchronous message for: https://twitter.com
console.warn: nsLoginManager: searchLogins: `formSubmitURL` or `httpRealm` is recommended
[Parent 17856, Gecko_IOThread] WARNING: pipe error: 109: file z:/build/build/src/ipc/chromium/src/chrome/common/ipc_channel_win.cc, line 346
[Child 19988, Chrome_ChildThread] WARNING: pipe error: 109: file z:/build/build/src/ipc/chromium/src/chrome/common/ipc_Unable to read VR Path Registry from C:\Users\RUDRA.LAPTOP-RDI7T2JU\AppData\Local\openvr\openvrpaths.vrpath
Unable to read VR Path Registry from C:\Users\RUDRA.LAPTOP-RDI7T2JU\AppData\Local\openvr\openvrpaths.vrpath
console.warn: LoginRecipes: getRecipes: falling back to a synchronous message for: https://twitter.com
console.warn: nsLoginManager: searchLogins: `formSubmitURL` or `httpRealm` is recommended
[Parent 17856, Gecko_IOThread] WARNING: pipe error: 109: file z:/build/build/src/ipc/chromium/src/chrome/common/ipc_channel_win.cc, line 346
[Child 14612, Chrome_ChildThread] WARNING: pipe error: 109: file z:/build/build/src/ipc/chromium/src/chrome/common/ipc_channel_win.cc, line 346
[Child 14612, Chrome_ChildThread] WARNING: pipe error: 109: file z:/build/build/src/ipc/chromium/src/chrome/common/ipc_channel_win.cc, line 346
[Parent 17856, Gecko_IOThread] WARNING: pipe error: 109: file z:/build/build/src/ipc/chromium/src/chrome/common/ipc_channel_win.cc, line 346
[Child 17036, Chrome_ChildThread] WARNING: pipe error: 109: file z:/build/build/src/ipc/chromium/src/chrome/common/ipc_channel_win.cc, line 346
[Child 17036, Chrome_ChildTh[Child 4128, Chrome_ChildThread] WARNING: pipe error: 109: file z:/build/build/src/ipc/chromium/src/chrome/common/ipc_channel_win.cc, line 346
[Child 4128, Chrome_ChildThread] WARNING: pipe erro[GPU 20056, Chrome_ChildThread] WA
###!!! [Child][MessageChannel::SendAndWait] Error: Channel error: cannot send/recv

_channel_win.cc, line 346
[Child 17752, Chrome_Ch[Parent 18920, Gecko_IOThread] WARNING: pipe error: 109: file z:/build/build/src/ipc/chromium/src/chrome/common/ipc_channel_win.cc, line 346
[Child 13828, Chrome_ChildThread] WARNING: pipe error: 109: file z:/build/build/src/ipc/chromium/src/chrome/common/ipc_channel_win.cc, line 346
[Child 13828, Chrome_ChildThread] WARNING: pipe error: 109: file z:/build/build/src/ipc/chromium/src/chrome/common/ipc_channel_win.cc, line 346
*** UTM:SVC TimerManager:registerTimer called after profile-before-change notification. Ignoring timer registration for id: telemetry_modules_ping
[GPU 15256, Chrome_ChildThread] 
###!!! [Child][MessageChannel::SendAndWait] Error: Channel error: cannot send/recv

1533305578735	geckodriver	INFO	geckodriver 0.21.0
1533305578735	geckodriver	INFO	Listening on 127.0.0.1:64278
1533305581797	mozrunner::runner	INFO	Running command: "C:\\Program Files\\Mozilla Firefox\\firefox.exe" "-marionette" "-foreground" "-no-remote" "-profile" "C:\\Users\\RUDRA~1.LAP\\AppData\\Local\\Temp\\rust_mozprofile.NBbHOF1g5H3f"
Unable to read VR Path Registry from C:\Users\RUDRA.LAPTOP-RDI7T2JU\AppData\Local\openvr\openvrpaths.vrpath
Unable to read VR Path Registry from C:\Users\RUDRA.LAPTOP-RDI7T2JU\AppData\Local\openvr\openvrpaths.vrpath
Unable to read VR Path Registry from C:\Users\RUDRA.LAPTOP-RDI7T2JU\AppData\Local\openvr\openvrpaths.vrpath
Unable to read VR Path Registry from C:\Users\RUDRA.LAPTOP-RDI7T2JU\AppData\Local\openvr\openvrpaths.vrpath
Unable to read VR Path Registry from C:\Users\RUDRA.LAPTOP-RDI7T2JU\AppData\Local\openvr\openvrpaths.vrpath
1533305586565	Marionette	INFO	Listening on port 64286
1533305587051	Marionette	WARN	TLS certificate errors will be ignored for this session
[Parent 19520, Gecko_IOThread] WARNING: pipe error: 109: file z:/build/build/src/ipc/chromium/src/chrome/common/ipc_channel_win.cc, line 346
[Parent 19520, Gecko_IOThread] WARNING: pipe error: 109: file z:/build/build/src/ipc/chromium/src/chrome/common/ipc_channel_win.cc, line 346
[Child 15472, Chrome_ChildThread] WARNING: pipe error: 109: file z:/build/build/src/ipc/chromium/src/chrome/common/ipc_channel_win.cc, line 346
[Child 15472, Chrome_Child[Parent 19520, Gecko_IOThread] WARNING: pipe error: 109: file z:/build/build/src/ipc/chromium/src/chrome/common/ipc_channel_win.cc, line 346
[Child 1188, Chrome_ChildThread] WARNING: pipe error: 109: file z:/build/build/src/ipc/chromium/src/chrome/common/ipc_channel_win.cc, line 346
[Child 1188, Chro[GPU 14052, Chrome_ChildThread] WARNING: pipe error
###!!! [Child][MessageChannel::SendAndWait] Error: Channel error: cannot send/recv

5768	Marionette	INFO	Listening on port 64333
1533305656625	Marionette	WARN	TLS certificate errors will be ignored for this session
[Parent 9052, Gecko_IOThread] WARNING: pipe error: 109: file z:/build/build/src/ipc/chromium/src/chrome/common/ipc_channel_win.cc, line 346
[Parent 9052, Gecko_IOThread] WARNING: pipe error: 109: file z:/build/build/src/ipc/chromium/src/chrome/common/ipc_channel_win.cc, line 346
[Child 14608, Chrome_ChildThread] WARNING: pipe error: 109: file z:/build/build/src/ipc/chromium/src/chrome/common/ipc_channel_win.cc, line 346
[Child 1460[GPU 1348, Chrome_ChildThread] WARNING: pipe error: 109: file z:/build/build/src/ipc/chromium/src/chrome/common/ipc_channel_
###!!! [Child][MessageChannel::SendAndWait] Error: Channel error: cannot send/recv

1533305911999	geckodriver	INFO	geckodriver 0.21.0
1533305911999	geckodriver	INFO	Listening on 127.0.0.1:64460
1533305915046	mozrunner::runner	INFO	Running command: "C:\\Program Files\\Mozilla Firefox\\firefox.exe" "-marionette" "-foreground" "-no-remote" "-profile" "C:\\Users\\RUDRA~1.LAP\\AppData\\Local\\Temp\\rust_mozprofile.WFNZC8gzXGa9"
Unable to read VR Path Registry from C:\Users\RUDRA.LAPTOP-RDI7T2JU\AppData\Local\openvr\openvrpaths.vrpath
Unable to read VR Path Registry from C:\Users\RUDRA.LAPTOP-RDI7T2JU\AppData\Local\openvr\openvrpaths.vrpath
Unable to read VR Path Registry from C:\Users\RUDRA.LAPTOP-RDI7T2JU\AppData\Local\openvr\openvrpaths.vrpath
Unable to read VR Path Registry from C:\Users\RUDRA.LAPTOP-RDI7T2JU\AppData\Local\openvr\openvrpaths.vrpath
Unable to read VR Path Registry from C:\Users\RUDRA.LAPTOP-RDI7T2JU\AppData\Local\openvr\openvrpaths.vrpath
1533305919881	Marionette	INFO	Listening on port 64468
1533305920816	Marionette	WARN	TLS certificate errors will be ignored for this session
[Parent 5316, Gecko_IOThread] WARNING: pipe error: 109: file z:/build/build/src/ipc/chromium/src/chrome/common/ipc_channel_win.cc, line 346
[Child 9704, Chrome_ChildThread] WARNING: pipe error: 109: file z:/build/build/src/ipc/chromium/src/chrome/common/ipc_channel_win.cc, line 346
[Child 9704, Chrome_ChildThread] WARNING: pipe error: 109: file z:/build/build/src/ipc/chromium/src/chrome/common/ipc_channel_win.cc, line 346
[Parent 5316, Gecko_IOThread] WARNING: pipe error: 109: file z:/build/build/src/ipc/chromium/src/chrome/common/ipc_channel_win.cc, line 346
[Parent 5316, Gecko_IOThread] WARNING: pipe error: 109: file z:/build/build/src/ipc/chromium/src/chrome/common/ipc_channel_win.cc, line 346
*** UTM:SVC TimerManager:registerTimer called after profile-before-change notification. Ignoring timer registration for id: telemetry_modules_ping
[GPU 18512, Chro
###!!! [Child][MessageChannel::SendAndWait] Error: Channel error: cannot send/recv

1533305975990	geckodriver	INFO	geckodriver 0.21.0
1533305975990	geckodriver	INFO	Listening on 127.0.0.1:64510
1533305979052	mozrunner::runner	INFO	Running command: "C:\\Program Files\\Mozilla Firefox\\firefox.exe" "-marionette" "-foreground" "-no-remote" "-profile" "C:\\Users\\RUDRA~1.LAP\\AppData\\Local\\Temp\\rust_mozprofile.1SZHRTMkMNHc"
Unable to read VR Path Registry from C:\Users\RUDRA.LAPTOP-RDI7T2JU\AppData\Local\openvr\openvrpaths.vrpath
Unable to read VR Path Registry from C:\Users\RUDRA.LAPTOP-RDI7T2JU\AppData\Local\openvr\openvrpaths.vrpath
Unable to read VR Path Registry from C:\Users\RUDRA.LAPTOP-RDI7T2JU\AppData\Local\openvr\openvrpaths.vrpath
Unable to read VR Path Registry from C:\Users\RUDRA.LAPTOP-RDI7T2JU\AppData\Local\openvr\openvrpaths.vrpath
Unable to read VR Path Registry from C:\Users\RUDRA.LAPTOP-RDI7T2JU\AppData\Local\openvr\openvrpaths.vrpath
1533305984612	Marionette	INFO	Listening on port 64518
1533305984919	Marionette	WARN	TLS certificate errors will be ignored for this session
Unable to read VR Path Registry from C:\Users\RUDRA.LAPTOP-RDI7T2JU\AppData\Local\openvr\openvrpaths.vrpath
[Parent 11776, Gecko_IOThread] WARNING: pipe error: 109: file z:/build/build/src/ipc/chromium/src/chrome/common/ipc_channel_win.cc, line 346
[GPU 17448, Chrome_Chil
###!!! [Child][MessageChannel::SendAndWait] Error: Channel error: cannot send/recv

" "-profile" "C:\\Users\\RUDRA~1.LAP\\AppData\\Local\\Temp\\rust_mozprofile.W9LuT6lVVdNL"
Unable to read VR Path Registry from C:\Users\RUDRA.LAPTOP-RDI7T2JU\AppData\Local\openvr\openvrpaths.vrpath
Unable to read VR Path Registry from C:\Users\RUDRA.LAPTOP-RDI7T2JU\AppData\Local\openvr\openvrpaths.vrpath
Unable to read VR Path Registry from C:\Users\RUDRA.LAPTOP-RDI7T2JU\AppData\Local\openvr\openvrpaths.vrpath
Unable to read VR Path Registry from C:\Users\RUDRA.LAPTOP-RDI7T2JU\AppData\Local\openvr\openvrpaths.vrpath
Unable to read VR Path Registry from C:\Users\RUDRA.LAPTOP-RDI7T2JU\AppData\Local\openvr\openvrpaths.vrpath
1533306085923	Marionette	INFO	Listening on port 64624
1533306086105	Marionette	WARN	TLS certificate errors will be ignored for this session
Unable to read VR Path Registry from C:\Users\RUDRA.LAPTOP-RDI7T2JU\AppData\Local\openvr\openvrpaths.vrpath
[Parent 384, Gecko_IOThread] WARNING: pipe error: 109: file z:/build/build/src/ipc/chromium/src/chrome/common/ipc_channel_win.cc, line 346
[Parent 384, Gecko_IOThread] WARNING: pipe error: 109: file z:/build/build/src/ipc/chromium/src/chrome/common/ipc_channel_win.cc, line 346
[Parent 384, Gecko_IOThread] WARNING: pipe error: 109: file z:/build/build/src/ipc/chromium/src/chrome/common/ipc_channel_win.cc, line 346
[Child 2716, Chrome_ChildThread] WARNING: pipe error: 109: file z:/build/build/src/ipc/chromium/src/chrome/common/ipc_channel_win.cc, line 346
*** UTM:SVC TimerManager:registerTimer called after profile-before-change notification. Ignoring timer registr1533306114302	mozrunner::runner	INFO	Running command: "C:\\Program Files\\Mozilla Firefox\\firefox.exe" "-marionette" "-foreground" "-no-remote" "-profile" "C:\\Users\\RUDRA~1.LAP\\AppData\\Local\\Temp\\rust_mozprofile.zFyAGetDiv3E"
Unable to read VR Path Registry from C:\Users\RUDRA.LAPTOP-RDI7T2JU\AppData\Local\openvr\openvrpaths.vrpath
Unable to read VR Path Registry from C:\Users\RUDRA.LAPTOP-RDI7T2JU\AppData\Local\openvr\openvrpaths.vrpath
Unable to read VR Path Registry from C:\Users\RUDRA.LAPTOP-RDI7T2JU\AppData\Local\openvr\openvrpaths.vrpath
Unable to read VR Path Registry from C:\Users\RUDRA.LAPTOP-RDI7T2JU\AppData\Local\openvr\openvrpaths.vrpath
Unable to read VR Path Registry from C:\Users\RUDRA.LAPTOP-RDI7T2JU\AppData\Local\openvr\openvrpaths.vrpath
1533306119125	Marionette	INFO	Listening on port 64710
1533306119360	Marionette	WARN	TLS certificate errors will be ignored for this session
Unable to read VR Path Registry from C:\Users\RUDRA.LAPTOP-RDI7T2JU\AppData\Local\openvr\openvrpaths.vrpath
[Parent 13948, Gecko_IOThread] WARNING: pipe error: 109: file z:/build/build/src/ipc/chromium/src/chrome/common/ipc_channel_win.cc, line 346
[Child 17300, Chrome_ChildThread] WARNING: pipe error: 109: file z:/build/build/src/ipc/chromium/src/chrome/common/ipc_channel_win.cc, line 346
[Child 17300, Chrome_ChildThread] WARNING: pipe error: 109: file z:[Child 9[Child 7952, Chrome_ChildThread] WARNING: pipe error: 109: file z:/build/build/src/ipc/chromium/src/chrome/common/ipc_channel_win.cc, line 346
[Child 7952, Chrome_ChildThread] WARNING: pipe error: 109: file z:/build/build/src/ipc/chromium/src/chrome/common/ipc_channel_win.cc, line 346
[Parent 13948, Gecko_IOThread] WARNING: pipe error: 109: file z:/build/build/src/ipc/chromium/src/chrome/common/ipc_channel_win.cc, line 346
[GPU 8008, Chrome_ChildThre
###!!! [Child][MessageChannel::SendAndWait] Error: Channel error: cannot send/recv

this session
[Parent 9992, Gecko_IOThread] WARNING: pipe error: 109: file z:/build/build/src/ipc/chromium/src/chrome/common/ipc_channel_win.cc, line 346
[Child 14144, Chrome_ChildThread] WARNING: pipe error: 109: file z:/build/build/src/ipc/chromium/src/chrome/common/ipc_channel_win.cc, line 346
[Child 14144, Chrome_ChildThread] WARNING: pipe error: 109: file z:/build/build/src/ipc/chromium/src/chrome/common/ipc_channel_win.cc, li[Parent 9992, Gecko_IOThread] WARNING: pipe error: 109: file z:/build/build/src/ipc/chromium/src/chrome/common/ipc_channel_win.cc, line 346
[Child 3804, Chrome_ChildThread] WARNING: pipe error: 109: file z:/build/build/src/ipc/chromium/src/chrome/common/ipc_channel_win.cc, line 346
[Ch*** UTM:SVC TimerManager:registerTimer called after profile-before-change notification. Ignoring timer registration for id: telemetry_modules_ping

###!!! [Child][MessageChannel::SendAndWait] Error: Channel error: cannot send/recv

1533307523244	geckodriver	INFO	geckodriver 0.21.0
1533307523244	geckodriver	INFO	Listening on 127.0.0.1:65407
1533307526278	mozrunner::runner	INFO	Running command: "C:\\Program Files\\Mozilla Firefox\\firefox.exe" "-marionette" "-foreground" "-no-remote" "-profile" "C:\\Users\\RUDRA~1.LAP\\AppData\\Local\\Temp\\rust_mozprofile.FZOSAoHvxcnl"
Unable to read VR Path Registry from C:\Users\RUDRA.LAPTOP-RDI7T2JU\AppData\Local\openvr\openvrpaths.vrpath
Unable to read VR Path Registry from C:\Users\RUDRA.LAPTOP-RDI7T2JU\AppData\Local\openvr\openvrpaths.vrpath
Unable to read VR Path Registry from C:\Users\RUDRA.LAPTOP-RDI7T2JU\AppData\Local\openvr\openvrpaths.vrpath
Unable to read VR Path Registry from C:\Users\RUDRA.LAPTOP-RDI7T2JU\AppData\Local\openvr\openvrpaths.vrpath
Unable to read VR Path Registry from C:\Users\RUDRA.LAPTOP-RDI7T2JU\AppData\Local\openvr\openvrpaths.vrpath
1533307530131	Marionette	INFO	Listening on port 65415
1533307530239	Marionette	WARN	TLS certificate errors will be ignored for this session
[Parent 4652, Gecko_IOThread] WARNING: pipe error: 109: file z:/build/build/src/ipc/chromium/src/chrome/common/ipc_channel_win.cc, line 346
[Child 6460, Chrome_ChildThread] WARNING: pipe error: 109: file z:/build/build/src/ipc/chromium/src/chrome/common/ipc_channel_win.cc, line 346
[Child 6460, Chrome_ChildThread] WARNING: pipe error: 109: file z:/build/build/src/ipc/chromium/src/chrome/common/ipc_channel_win.cc, line 346
[Parent 4652, Gecko_IOThread] WARNING: pipe error: 109: file z:/build/build/src/ipc/chromium/src/chrome/common/ipc_channel_win.cc, line 346
*** UTM:SVC TimerManager:registerTimer called after profile-before-change notification. Ignoring timer registration for id: telemetry_modules_ping
[GPU 7840, Chrome_Chi
###!!! [Child][MessageChannel::SendAndWait] Error: Channel error: cannot send/recv

1533307813220	geckodriver	INFO	geckodriver 0.21.0
1533307813251	geckodriver	INFO	Listening on 127.0.0.1:49185
1533307816282	mozrunner::runner	INFO	Running command: "C:\\Program Files\\Mozilla Firefox\\firefox.exe" "-marionette" "-foreground" "-no-remote" "-profile" "C:\\Users\\RUDRA~1.LAP\\AppData\\Local\\Temp\\rust_mozprofile.nJpZWO6mjumm"
Unable to read VR Path Registry from C:\Users\RUDRA.LAPTOP-RDI7T2JU\AppData\Local\openvr\openvrpaths.vrpath
Unable to read VR Path Registry from C:\Users\RUDRA.LAPTOP-RDI7T2JU\AppData\Local\openvr\openvrpaths.vrpath
Unable to read VR Path Registry from C:\Users\RUDRA.LAPTOP-RDI7T2JU\AppData\Local\openvr\openvrpaths.vrpath
Unable to read VR Path Registry from C:\Users\RUDRA.LAPTOP-RDI7T2JU\AppData\Local\openvr\openvrpaths.vrpath
Unable to read VR Path Registry from C:\Users\RUDRA.LAPTOP-RDI7T2JU\AppData\Local\openvr\openvrpaths.vrpath
1533307820020	Marionette	INFO	Listening on port 49193
1533307820298	Marionette	WARN	TLS certificate errors will be ignored for this session
[Parent 19116, Gecko_IOThread] WARNING: pipe error: 109: file z:/build/build/src/ipc/chromium/src/chrome/common/ipc_channel_win.cc, line 346
[Parent 19116, Gecko_IOThread] WARNING: pipe error: 109: file z:/build/build/src/ipc/chromium/src/chrome/common/ipc_channel_win.cc, line 346
[Child 10508, Chrome_ChildThread] WARNING: pipe error: 109: file z:/build/build/src/ipc/chromium/src/chrome/common/ipc_channel_win.cc, line 346
[Child 10508, Chrome_ChildThread] WARNING: pipe error: 109: file z:/build/build/src/ipc/chromium/src/chrome[Parent 19116, Gecko_IOThread] WARNING: pipe error: 109: file z:/build/build/src/ipc/chromium/src/chrome/common/ipc_channel_win.cc, line 346
[Child 19444, Chrome_ChildThread] WARNING: pipe error: 109: file z:/build/build/src/ipc/chromium/src/chrome/common/ipc_channel_win.cc, line 346
[Child 19444, Chrome_ChildThread] WAR*** UTM:SVC TimerManager:registerTimer called after profile-before-change notification. Ignoring timer registration for id: telemetry_modules_ping

###!!! [Child][MessageChannel::SendAndWait] Error: Channel error: cannot send/recv

1533307876326	geckodriver	INFO	geckodriver 0.21.0
1533307876342	geckodriver	INFO	Listening on 127.0.0.1:49256
1533307879375	mozrunner::runner	INFO	Running command: "C:\\Program Files\\Mozilla Firefox\\firefox.exe" "-marionette" "-foreground" "-no-remote" "-profile" "C:\\Users\\RUDRA~1.LAP\\AppData\\Local\\Temp\\rust_mozprofile.s1kt0kTOUd4k"
Unable to read VR Path Registry from C:\Users\RUDRA.LAPTOP-RDI7T2JU\AppData\Local\openvr\openvrpaths.vrpath
Unable to read VR Path Registry from C:\Users\RUDRA.LAPTOP-RDI7T2JU\AppData\Local\openvr\openvrpaths.vrpath
Unable to read VR Path Registry from C:\Users\RUDRA.LAPTOP-RDI7T2JU\AppData\Local\openvr\openvrpaths.vrpath
Unable to read VR Path Registry from C:\Users\RUDRA.LAPTOP-RDI7T2JU\AppData\Local\openvr\openvrpaths.vrpath
Unable to read VR Path Registry from C:\Users\RUDRA.LAPTOP-RDI7T2JU\AppData\Local\openvr\openvrpaths.vrpath
1533307884111	Marionette	INFO	Listening on port 49264
1533307884789	Marionette	WARN	TLS certificate errors will be ignored for this session
Unable to read VR Path Registry from C:\Users\RUDRA.LAPTOP-RDI7T2JU\AppData\Local\openvr\openvrpaths.vrpath
[Parent 15192, Gecko_IOThread] WARNING: pipe error: 109: file z:/build/build/src/ipc/chromium/src/chrome/common/ipc_channel_win.cc, line 346
[Child 6552, Chrome_ChildThread] WARNING: pipe error: 109: file z:/build/build/src/ipc/chromUnable to read VR Path Registry from C:\Users\RUDRA.[Parent 15192, Gecko_IOThread] WARNING: pipe error: 109: file z:/build/build/src/ipc/chromium/src/chrome/common/ipc_channel_win.cc, line 346
[Child 5616, Chrome_ChildThread] WARNING: pipe error: 109: file z:/build/build/src/ipc/chromium/src/chrome/common/ipc_channel_win.cc, line 346
[Child 5616, Chrome_ChildThread] WARNING: pipe error: 109: file z:/build/build/src/ipc/chromium/src/chrome/common/ipc_channel_win.cc, line 346
*** UTM:SVC TimerManager:registerTimer called after profile-before-change notification. Ignoring timer registration for id: telemetry_modules_ping

###!!! [Child][MessageChannel::SendAndWait] Error: Chan[Child 8048, Chrome_ChildThread] WARNING: pipe error: 109: file z:/build/build/src/ipc/chromium/src/chrome/common/ipc_channel_win.cc, line 346
[Child 8048, Chrome_ChildThread] WARNING: pipe error: 109: file z:/build/build/src/ipc/chromium/src/chrome/common/ipc_channel_win.cc, line 346
[Parent 14240, Gecko_IOThread] WARNING: pipe error: 109: file z:/build/build/src/ipc/chromium/src/chrome/common/ipc_channel_win.cc, line 346
[Parent 14240, Gecko_IOThread] WARNING: pipe error: 109: file z:/build/build/src/ipc/chromium/src/chrome/common/ipc_channel_win.cc, line 346
[Child 15508, Chrome_ChildThread] WARNING: pipe error: 109: file z:/build/build/src/ipc/chromium/src/chrome/common/ipc_channel_win.cc, line 346
[Child 15508, Chrome_ChildThread] WARNING: pipe error: 109: file z:/build/build/src/ipc/chromium/src/chrome/common/ipc_channel_win.cc, line 346
*** UTM:SVC TimerManager:registerTimer called after profile-before-change notification. Ignoring timer registration for id: telemetry_modules_ping
[GPU 18700, Chrome_ChildThr
###!!! [Child][MessageChannel::SendAndWait] Error: Channel error: cannot send/recv

1533307964285	geckodriver	INFO	geckodriver 0.21.0
1533307964301	geckodriver	INFO	Listening on 127.0.0.1:49360
1533307967394	mozrunner::runner	INFO	Running command: "C:\\Program Files\\Mozilla Firefox\\firefox.exe" "-marionette" "-foreground" "-no-remote" "-profile" "C:\\Users\\RUDRA~1.LAP\\AppData\\Local\\Temp\\rust_mozprofile.sKAXEoQH4yD3"
Unable to read VR Path Registry from C:\Users\RUDRA.LAPTOP-RDI7T2JU\AppData\Local\openvr\openvrpaths.vrpath
Unable to read VR Path Registry from C:\Users\RUDRA.LAPTOP-RDI7T2JU\AppData\Local\openvr\openvrpaths.vrpath
Unable to read VR Path Registry from C:\Users\RUDRA.LAPTOP-RDI7T2JU\AppData\Local\openvr\openvrpaths.vrpath
Unable to read VR Path Registry from C:\Users\RUDRA.LAPTOP-RDI7T2JU\AppData\Local\openvr\openvrpaths.vrpath
Unable to read VR Path Registry from C:\Users\RUDRA.LAPTOP-RDI7T2JU\AppData\Local\openvr\openvrpaths.vrpath
1533307971632	Marionette	INFO	Listening on port 49368
1533307972611	Marionette	WARN	TLS certificate errors will be ignored for this session
[Parent 7780, Gecko_IOThread] WARNING: pipe error: 109: file z:/build/build/src/ipc/chromium/src/chrome/common/ipc_channel_win.cc, line 346
[Child 16396, Chrome_ChildThread] WARNING: pipe error: 109: file z:/build/build/src/ipc/chromium/src/chrome/common/ipc_channel_win.cc, line 346
[Child 16396, Chrome_ChildThr[Parent 7780, Gecko_IOThread] WARNING: pipe error: 109: file z:/build/build/src/ipc/chromium/src/chrome/common/ipc_channel_win.cc, line 346
[Child 4004, Chrome_ChildThread] WARNING: pipe error: 109: file z:/build/build/src/ipc/chromium/src/chrome/common/ipc_channel_win.cc, line 346
[Child 4004, Chrome_ChildThread] WARNING: pipe error: 109: file z:/build/build/src/ipc/chromium/src/chrome/common/ipc_cha[Parent 7780, Gecko_IOThread] WARNING: pipe error: 109: file z:/build/build/src/ipc/chromium/src/chrome/common/ipc_channel_win.cc, line 346
[Child 18732, Chrome_ChildThread] WARNING: pipe error: 109: file z:/build/build/src/ipc/chromium/src/chrome/common/ipc_channel_win.cc, line 346
[Child 18732, Chrome_ChildThread] WARNING: pipe error: 109: file z:/build/build/src/ipc/chromium/src/chrome/common/ipc_channel_win.cc, line 346
*** UTM:SVC TimerManager:registerTimer called after profile-before-change notification. Ignoring timer registration for id: telemetry_modules_ping
[GPU 10408, C
###!!! [Child][MessageChannel::SendAndWait] Error: Channel error: cannot send/recv

1533309338073	geckodriver	INFO	geckodriver 0.21.0
1533309338088	geckodriver	INFO	Listening on 127.0.0.1:49569
1533309341181	mozrunner::runner	INFO	Running command: "C:\\Program Files\\Mozilla Firefox\\firefox.exe" "-marionette" "-foreground" "-no-remote" "-profile" "C:\\Users\\RUDRA~1.LAP\\AppData\\Local\\Temp\\rust_mozprofile.IGCbRO1z5gKW"
Unable to read VR Path Registry from C:\Users\RUDRA.LAPTOP-RDI7T2JU\AppData\Local\openvr\openvrpaths.vrpath
Unable to read VR Path Registry from C:\Users\RUDRA.LAPTOP-RDI7T2JU\AppData\Local\openvr\openvrpaths.vrpath
Unable to read VR Path Registry from C:\Users\RUDRA.LAPTOP-RDI7T2JU\AppData\Local\openvr\openvrpaths.vrpath
Unable to read VR Path Registry from C:\Users\RUDRA.LAPTOP-RDI7T2JU\AppData\Local\openvr\openvrpaths.vrpath
Unable to read VR Path Registry from C:\Users\RUDRA.LAPTOP-RDI7T2JU\AppData\Local\openvr\openvrpaths.vrpath
1533309345674	Marionette	INFO	Listening on port 49577
1533309345747	Marionette	WARN	TLS certificate errors will be ignored for this session
[Parent 9728, Gecko_IOThread] WARNING: pipe error: 109: file z:/build/build/src/ipc/chromium/src/chrome/common/ipc_channel_win.cc, line 346
[Child 17680, Chrome_ChildThread] WARNING: pipe error: 109: file z:/build/build/src/ipc/chromium/src/chrome/common/ipc_channel_win.cc, line 346
[Child 17680, Chrome_ChildThread] WARNING: pipe error: 109: file z:/build/build/src/ipc/chromium/src/chrome/common/ipc_channel_win.cc, line 346
[Parent 9728, Gecko_IOThread] WARNING: pipe error: 109: file z:/build/build/src/ipc/chromium/src/chrome/common/ipc_channel_win.cc, line 346
[Child 6896, Chrome_C[GPU 5612, Chrome_Child
###!!! [Child][MessageChannel::SendAndWait] Error: Channel error: cannot send/recv

1533309594639	geckodriver	INFO	geckodriver 0.21.0
1533309594654	geckodriver	INFO	Listening on 127.0.0.1:49640
1533309597677	mozrunner::runner	INFO	Running command: "C:\\Program Files\\Mozilla Firefox\\firefox.exe" "-marionette" "-foreground" "-no-remote" "-profile" "C:\\Users\\RUDRA~1.LAP\\AppData\\Local\\Temp\\rust_mozprofile.pMlM7UWydxYM"
Unable to read VR Path Registry from C:\Users\RUDRA.LAPTOP-RDI7T2JU\AppData\Local\openvr\openvrpaths.vrpath
Unable to read VR Path Registry from C:\Users\RUDRA.LAPTOP-RDI7T2JU\AppData\Local\openvr\openvrpaths.vrpath
Unable to read VR Path Registry from C:\Users\RUDRA.LAPTOP-RDI7T2JU\AppData\Local\openvr\openvrpaths.vrpath
Unable to read VR Path Registry from C:\Users\RUDRA.LAPTOP-RDI7T2JU\AppData\Local\openvr\openvrpaths.vrpath
Unable to read VR Path Registry from C:\Users\RUDRA.LAPTOP-RDI7T2JU\AppData\Local\openvr\openvrpaths.vrpath
1533309601761	Marionette	INFO	Listening on port 49648
1533309603057	Marionette	WARN	TLS certificate errors will be ignored for this session
[Parent 8196, Gecko_IOThread] WARNING: pipe error: 109: file z:/build/build/src/ipc/chromium/src/chrome/common/ipc_channel_win.cc, line 346
[Parent 8196, Gecko_IOThread] WARNING: pipe error: 109: file z:/build/build/src/ipc/chromium/src/chrome/common/ipc_channel_win.cc, line 346
[Parent 8196, Gecko_IOThread] WARNING: pipe error: 109: file z:/build/build/src/ipc/chromium/src/chrome/common/ipc_channel_win.cc, line 346
*** UTM:SVC TimerManager:registerTimer called after profile-before-change notification. Ignoring timer registration for id: telemetry_modules_ping

###!!! [Child][MessageChannel::SendAndWait] Error: Channel error: cannot send/recv

hs.vrpath
Unable to read VR Path Registry from C:\Users\RUDRA.LAPTOP-RDI7T2JU\AppData\Local\openvr\openvrpaths.vrpath
Unable to read VR Path Registry from C:\Users\RUDRA.LAPTOP-RDI7T2JU\AppData\Local\openvr\openvrpaths.vrpath
1533309644121	Marionette	INFO	Listening on port 49705
1533309644223	Marionette	WARN	TLS certificate errors will be ignored for this session
[Child 20088, Chrome_ChildThread] WARNING: pipe error: 109: file z:/build/build/src/ipc/chromium/src/chrome/common/ipc_channel_win.cc, line 346
[Child 20088, Chrome_ChildThread] WARNING: pipe error: 109: file z:/build/build/src/ipc/chromium/src/chrome/common/ipc_channel_win.cc, line 346
[Parent 10716, Gecko_IOThread] WARNING: pipe error: 109: file z:/build/build/src/ipc/chromium/src/chrome/common/ipc_channel_win.cc, line 346
[GPU 14776, Chrome_ChildThr
###!!! [Child][MessageChannel::SendAndWait] Error: Channel error: cannot send/recv

1533312604166	geckodriver	INFO	geckodriver 0.21.0
1533312604182	geckodriver	INFO	Listening on 127.0.0.1:50124
1533312607197	mozrunner::runner	INFO	Running command: "C:\\Program Files\\Mozilla Firefox\\firefox.exe" "-marionette" "-foreground" "-no-remote" "-profile" "C:\\Users\\RUDRA~1.LAP\\AppData\\Local\\Temp\\rust_mozprofile.ftel9Lq62n2Y"
Unable to read VR Path Registry from C:\Users\RUDRA.LAPTOP-RDI7T2JU\AppData\Local\openvr\openvrpaths.vrpath
Unable to read VR Path Registry from C:\Users\RUDRA.LAPTOP-RDI7T2JU\AppData\Local\openvr\openvrpaths.vrpath
Unable to read VR Path Registry from C:\Users\RUDRA.LAPTOP-RDI7T2JU\AppData\Local\openvr\openvrpaths.vrpath
Unable to read VR Path Registry from C:\Users\RUDRA.LAPTOP-RDI7T2JU\AppData\Local\openvr\openvrpaths.vrpath
Unable to read VR Path Registry from C:\Users\RUDRA.LAPTOP-RDI7T2JU\AppData\Local\openvr\openvrpaths.vrpath
1533312611179	Marionette	INFO	Listening on port 50132
1533312612062	Marionette	WARN	TLS certificate errors will be ignored for this session
[Parent 468, Gecko_IOThread] WARNING: pipe error: 109: file z:/build/build/src/ipc/chromium/src/chrome/common/ipc_channel_win.cc, line 346
[Child 3392, Chrome_ChildThread] WARNING: pipe error: 109: file z[Parent 468, Gecko_IOThread] WARNING: pipe error: 109: file z:/build/build/src/ipc/chromium/src/chrome/common/ipc_channel_win.cc, line 346
[Parent 468, Gecko_IOThread] WARNING: pipe error: 109: file z:/build/build/src/ipc/chromium/src/chrome/common/ipc_channel_win.cc, line 346
[GPU 16100, Chrome_ChildThre
###!!! [Child][MessageChannel::SendAndWait] Error: Channel error: cannot send/recv

1533312685305	geckodriver	INFO	geckodriver 0.21.0
1533312685305	geckodriver	INFO	Listening on 127.0.0.1:50186
1533312688320	mozrunner::runner	INFO	Running command: "C:\\Program Files\\Mozilla Firefox\\firefox.exe" "-marionette" "-foreground" "-no-remote" "-profile" "C:\\Users\\RUDRA~1.LAP\\AppData\\Local\\Temp\\rust_mozprofile.zbWseivv4V1w"
Unable to read VR Path Registry from C:\Users\RUDRA.LAPTOP-RDI7T2JU\AppData\Local\openvr\openvrpaths.vrpath
Unable to read VR Path Registry from C:\Users\RUDRA.LAPTOP-RDI7T2JU\AppData\Local\openvr\openvrpaths.vrpath
Unable to read VR Path Registry from C:\Users\RUDRA.LAPTOP-RDI7T2JU\AppData\Local\openvr\openvrpaths.vrpath
Unable to read VR Path Registry from C:\Users\RUDRA.LAPTOP-RDI7T2JU\AppData\Local\openvr\openvrpaths.vrpath
Unable to read VR Path Registry from C:\Users\RUDRA.LAPTOP-RDI7T2JU\AppData\Local\openvr\openvrpaths.vrpath
1533312692442	Marionette	INFO	Listening on port 50196
1533312692860	Marionette	WARN	TLS certificate errors will be ignored for this session
[Parent 1912, Gecko_IOThread] WARNING: pipe error: 109: file z:/build/build/src/ipc/chromium/src/chrome/common/ipc_channel_win.cc, line 346
Unable to read VR Path Registry from C:\Users\RUDRA.LAPTOP-RDI7T2JU\AppData\Local\openvr\openvrpaths.vrpath
[Parent 1912, Gecko_IOThread] WARNING: pipe error: 109: file z:/build/build/src/ipc/chromium/src/chrome/common/ipc_channel_win.cc, line 346
[Child 17508, Chrome_ChildThread] WARNING: pipe error: 109: file z:/build/build/src/ipc/chromium/src/chrome/common/ipc_channel_win.cc, line 346
[Child 17508, Chrome_ChildThread] WARNING: pipe error: 109: file z:/build/build/src/ipc/chromium/src/chrome/common/ipc_channel_win.cc, line 346
[Child 16752, Chrome_ChildThread] WARNING: pipe error: 109: file z:/build/build/src/ipc/chromium
###!!! [Child][RunMessage] Error: Channel closing: too late to send/recv, messages will be lost

/src/chrome/common/ipc_channel_win.cc, line 346

###!!! [Child][RunMessage] Error: Channel closing: too late to send/recv, messages will be lost

[GPU 15792, Chrome_ChildThread
###!!! [Child][MessageChannel::SendAndWait] Error: Channel error: cannot send/recv

verService.removeObserver]"  nsresult: "0x80004005 (NS_ERROR_FAILURE)"  location: "JS frame :: resource://activity-stream/lib/TelemetryFeed.jsm :: uninit :: line 493"  data: no] Stack trace: uninit()@resource://activity-stream/lib/TelemetryFeed.jsm:493
onAction()@resource://activity-stream/lib/TelemetryFeed.jsm:451
_middleware/</<()@resource://activity-stream/lib/Store.jsm:51
Store/this[method]()@resource://activity-stream/lib/Store.jsm:29
uninit()@resource://activity-stream/lib/Store.jsm:170
uninit()@resource://activity-stream/lib/ActivityStream.jsm:318
uninit()@resource://gre/modules/addons/XPIProvider.jsm -> jar:file:///C:/Program%20Files/Mozilla%20Firefox/browser/features/activity-stream@mozilla.org.xpi!/bootstrap.js:79
shutdown()@resource://gre/modules/addons/XPIProvider.jsm -> jar:file:///C:/Program%20Files/Mozilla%20Firefox/browser/features/activity-stream@mozilla.org.xpi!/bootstrap.js:187
callBootstrapMethod()@resource://gre/modules/addons/XPIProvider.jsm:2757
observe()@resource://gre/modules/addons/XPIProvider.jsm:1672
Unable to read VR Path Registry from C:\Users\RUDRA.LAPTOP-RDI7T2JU\AppData\Local\openvr\openvrpaths.vrpath
Unable to read VR Path Registry from C:\Users\RUDRA.LAPTOP-RDI7T2JU\AppData\Local\openvr\openvrpaths.vrpath
1533313067542	Marionette	DEBUG	Register listener.js for window 4294967297
1533313067543	Marionette	ERROR	No reply from Marionette:Register
[Parent 13644, Gecko_IOThread] WARNING: pipe error: 109: file z:/build/build/src/ipc/chromium/src/chrome/common/ipc_channel_win.cc, line 346
[Child 10276, Chrome_ChildThread] WARNING: pipe error: 109: file z:/build/build/src/ipc/chromium/src/chrome/common/ipc_channel_win.cc, line 346
[Child 10JavaScript error: chrome://marionette/content/listener.js, line 464: TypeError: reply[0] is undefined
[Parent 13644, Gecko_IOThread] WARNING: pipe error: 109: file z:/build/build/src/ipc/chromium/src/chrome/common/ipc_channel_win.cc, line 346
[Child 17052, Chrome_ChildThread] WARNING: pipe error: 109: file z:/build/build/src/ipc/chromium/src/chrome/common/ipc_channel_win.cc, line 346
[Child 1*** UTM:SVC TimerManager:registerTimer called after profile-before-change notification. Ignoring timer registration for id: telemetry_modules_ping
[GPU 10164, Chrome_Ch
###!!! [Child][MessageChannel::SendAndWait] Error: Channel error: cannot send/recv

1533313460531	geckodriver	INFO	geckodriver 0.21.0
1533313460546	geckodriver	INFO	Listening on 127.0.0.1:50374
1533313463562	mozrunner::runner	INFO	Running command: "C:\\Program Files\\Mozilla Firefox\\firefox.exe" "-marionette" "-foreground" "-no-remote" "-profile" "C:\\Users\\RUDRA~1.LAP\\AppData\\Local\\Temp\\rust_mozprofile.ic7eANIQUy91"
Unable to read VR Path Registry from C:\Users\RUDRA.LAPTOP-RDI7T2JU\AppData\Local\openvr\openvrpaths.vrpath
Unable to read VR Path Registry from C:\Users\RUDRA.LAPTOP-RDI7T2JU\AppData\Local\openvr\openvrpaths.vrpath
Unable to read VR Path Registry from C:\Users\RUDRA.LAPTOP-RDI7T2JU\AppData\Local\openvr\openvrpaths.vrpath
Unable to read VR Path Registry from C:\Users\RUDRA.LAPTOP-RDI7T2JU\AppData\Local\openvr\openvrpaths.vrpath
Unable to read VR Path Registry from C:\Users\RUDRA.LAPTOP-RDI7T2JU\AppData\Local\openvr\openvrpaths.vrpath
1533313467555	Marionette	INFO	Listening on port 50382
1533313468282	Marionette	WARN	TLS certificate errors will be ignored for this session
[Parent 15440, Gecko_IOThread] WARNING: pipe error: 109: file z:/build/build/src/ipc/chromium/src/chrome/common/ipc_channel_win.cc, line 346
[Parent 15440, Gecko_IOThread] WARNING: pipe error: 109: file z:/build/build/src/ipc/chromium/src/chrome/common/ipc_channel_win.cc, line 346
[Child 15396, Chrome_ChildThread] WARNING: pipe error: 109: file z:/build/build/src/ipc/chromium/src/chrome/common/ipc_channel_win.cc, line 346
[Child 15396, Chrome_ChildThread] WARNING: pipe error: 109: file z:/build/build/src/ipc/chromium/src/chrome/common/ipc_channel_win.cc, line 346
[Parent 15440, Gecko_IOThread] WARNING: pipe error: 109: file z:/build/build/src/ipc/chromium/src/chrome/common/ipc_channel_win.cc, line 346
[Child 18336, Chrome_ChildThread] WARNING: pipe error: 109: file z:/build/build/src/ipc/chromium/src/chrome/common/ipc_channel_win.cc, line 346
[Child 18336, Chrome_ChildThread*** UTM:SVC TimerManager:registerTimer called after profile-before-change notification. Ignoring timer registration for id: telemetry_modules_ping
[GPU 4620, Chrome_Child
###!!! [Child][MessageChannel::SendAndWait] Error: Channel error: cannot send/recv

1533313554562	geckodriver	INFO	geckodriver 0.21.0
1533313554578	geckodriver	INFO	Listening on 127.0.0.1:50433
1533313557687	mozrunner::runner	INFO	Running command: "C:\\Program Files\\Mozilla Firefox\\firefox.exe" "-marionette" "-foreground" "-no-remote" "-profile" "C:\\Users\\RUDRA~1.LAP\\AppData\\Local\\Temp\\rust_mozprofile.iyHfCxinlx2n"
Unable to read VR Path Registry from C:\Users\RUDRA.LAPTOP-RDI7T2JU\AppData\Local\openvr\openvrpaths.vrpath
Unable to read VR Path Registry from C:\Users\RUDRA.LAPTOP-RDI7T2JU\AppData\Local\openvr\openvrpaths.vrpath
Unable to read VR Path Registry from C:\Users\RUDRA.LAPTOP-RDI7T2JU\AppData\Local\openvr\openvrpaths.vrpath
Unable to read VR Path Registry from C:\Users\RUDRA.LAPTOP-RDI7T2JU\AppData\Local\openvr\openvrpaths.vrpath
Unable to read VR Path Registry from C:\Users\RUDRA.LAPTOP-RDI7T2JU\AppData\Local\openvr\openvrpaths.vrpath
1533313562009	Marionette	INFO	Listening on port 50441
1533313562179	Marionette	WARN	TLS certificate errors will be ignored for this session
[Parent 752, Gecko_IOThread] WARNING: pipe error: 109: file z:/build/build/src/ipc/chromium/src/chrome/common/ipc_channel_win.cc, line 346
[Parent 752, Gecko_IOThread] WARNING: pipe error: 109: file z:/build/build/src/ipc/chromium/src/chrome/common/ipc_channel_win.cc, line 346

###!!! [Child][RunMessage] Error: Channel closing: too late to send/recv, messages will be lost


###!!! [Child][RunMessage] Error: Channel closing: too late to send/recv, messages will be lost

[Child 15568, Chrome_ChildThread] WARNING: pipe error: 109: file z:/build/build/src/ipc/chromium/src/chrome/common/ipc_channel_win.cc, line 346
[Child 15568, Chrome_ChildThread] WARNING:[Parent 752, Gecko_IOThread] WARNING: pipe error: 109: file z:/build/build/src/ipc/chromium/src/chrome/common/ipc_channel_win.cc, line 346
[Child 16008, Chrome_ChildThread] WARNING: pipe error: 109: file z:/build/build/src/ipc/chromium/src/chrome/common/ipc_channel_win.cc, line 346
[Child 160*** UTM:SVC TimerManager:registerTimer called after profile-before-change notification. Ignoring timer registration for id: telemetry_modules_ping
[GPU 17020, Chrome_Child
###!!! [Child][MessageChannel::SendAndWait] Error: Channel error: cannot send/recv

1533313877327	geckodriver	INFO	geckodriver 0.21.0
1533313877342	geckodriver	INFO	Listening on 127.0.0.1:50477
1533313880388	mozrunner::runner	INFO	Running command: "C:\\Program Files\\Mozilla Firefox\\firefox.exe" "-marionette" "-foreground" "-no-remote" "-profile" "C:\\Users\\RUDRA~1.LAP\\AppData\\Local\\Temp\\rust_mozprofile.u63l7TKwwhz2"
Unable to read VR Path Registry from C:\Users\RUDRA.LAPTOP-RDI7T2JU\AppData\Local\openvr\openvrpaths.vrpath
Unable to read VR Path Registry from C:\Users\RUDRA.LAPTOP-RDI7T2JU\AppData\Local\openvr\openvrpaths.vrpath
Unable to read VR Path Registry from C:\Users\RUDRA.LAPTOP-RDI7T2JU\AppData\Local\openvr\openvrpaths.vrpath
Unable to read VR Path Registry from C:\Users\RUDRA.LAPTOP-RDI7T2JU\AppData\Local\openvr\openvrpaths.vrpath
Unable to read VR Path Registry from C:\Users\RUDRA.LAPTOP-RDI7T2JU\AppData\Local\openvr\openvrpaths.vrpath
1533313884219	Marionette	INFO	Listening on port 50485
1533313884364	Marionette	WARN	TLS certificate errors will be ignored for this session
[Parent 19656, Gecko_IOThread] WARNING: pipe error: 109: file z:/build/build/src/ipc/chromium/src/chrome/common/ipc_channel_win.cc, line 346
[Child 19408, Chrome_ChildThread] WARNING: pipe error: 109: file z:/build/build/src/ipc/chromium/src/chrome/common/ipc_channel_win.cc, line 346
[Child 19408, Chrome_ChildThread] WARNING: pipe error: 109: file z:/build/build/src/ipc/chromium/src/chrome/common/ipc_channel_win.cc, line 346
[Parent 19656, Gecko_IOThread] WARNING: pipe error: 109: file z:/build/build/src/ipc/chromium/src/chrome/common/ipc_channel_win.cc, line 346
[Parent 19656, Gecko_IOThread] WARNING: pipe error: 109: file z:/build/build/src/ipc/chromium/src/chrome/common/ipc_channel_win.cc, line 346
[GPU 884, Chrome_C
###!!! [Child][MessageChannel::SendAndWait] Error: Channel error: cannot send/recv

879	Marionette	INFO	Listening on port 50607
1533315224034	Marionette	WARN	TLS certificate errors will be ignored for this session
UUnable to read VR Path Registry from nable to read VR Path Registry from C:\Users\RUDRA.LAPTOP-RDI7T2JU\AppData\Local\openvr\openvrpaths.vrpath
C:\Users\RUDRA.LAPTOP-RDI7T2JU\AppData\Local\openvr\openvrpaths.vrpath
[Parent 4204, Gecko_IOThread] WARNING: pipe error: 109: file z:/build/build/src/ipc/chromium/src/chrome/common/ipc_channel_win.cc, line 346
[Parent 4204, Gecko_IOThread] WARNING: pipe error: 109: file z:/build/build/src/ipc/chromium/src/chrome/common/ipc_channel_win.cc, line 346
[Child 9256, Chrome_ChildThread] WARNING: pipe error: 109: file z:/build/build/src/ipc/chromium/src/chrome/common/ipc_channel_win.cc, line 346
[Child 9256[Parent 4204, Gecko_IOThread] WARNING: pipe error: 109: file z:/build/build/src/ipc/chromium/src/chrome/common/ipc_channel_win.cc, line 346
[Child 17748, Chrome_ChildThread] WARNING: pipe error: 109: file z:/build/build/src/ipc/chromium/src/chrome/common/ipc_channel_win.cc, line 346
[Child 17748, C[Parent 4204, Gecko_IOThread] WARNING: pipe error: 109: file z:/build/build/src/ipc/chromium/src/chrome/common/ipc_channel_win.cc, line 346
[GPU 14508, Chrome_
###!!! [Child][MessageChannel::SendAndWait] Error: Channel error: cannot send/recv

e to read VR Path Registry from try from C:\Users\RUDRA.LAPTOP-RDI7T2JU\AppData\Local\openvr\openvrpaths.vrpath
C:\Users\RUDRA.LAPTOP-RDI7T2JU\AppData\Local\openvr\openvrpaths.vrpath
[Parent 19856, Gecko_IOThread] WARNING: pipe error: 109: file z:/build/build/src/ipc/chromium/src/chrome/common/ipc_channel_win.cc, line 346
[Chi[Parent 19856, Gecko_IOThread] WARNING: pipe error: 109: file z:/build/build/src/ipc/chromium/src/chrome/common/ipc_channel_win.cc, line 346
[Child 14992, Chrome_ChildThread] WARNING: pipe error: 109: file z:/build/build/src/ipc/chromium/src/chrome/common/ipc_channel_win.cc, line 346
[Child 14
###!!! [Child][MessageChannel::SendAndWait] Error: Channel error: cannot send/recv

cal\openvr\openvrpaths.vrpath
Unable to read VR Path Registry from C:\Users\RUDRA.LAPTOP-RDI7T2JU\AppData\Local\openvr\openvrpaths.vrpath
1533315389778	Marionette	INFO	Listening on port 50741
1533315390704	addons.xpi	WARN	Exception running bootstrap method shutdown on activity-stream@mozilla.org: [Exception... "Component returned failure code: 0x80004005 (NS_ERROR_FAILURE) [nsIObserverService.removeObserver]"  nsresult: "0x80004005 (NS_ERROR_FAILURE)"  location: "JS frame :: resource://activity-stream/lib/TelemetryFeed.jsm :: uninit :: line 493"  data: no] Stack trace: uninit()@resource://activity-stream/lib/TelemetryFeed.jsm:493
onAction()@resource://activity-stream/lib/TelemetryFeed.jsm:451
_middleware/</<()@resource://activity-stream/lib/Store.jsm:51
Store/this[method]()@resource://activity-stream/lib/Store.jsm:29
uninit()@resource://activity-stream/lib/Store.jsm:170
uninit()@resource://activity-stream/lib/ActivityStream.jsm:318
uninit()@resource://gre/modules/addons/XPIProvider.jsm -> jar:file:///C:/Program%20Files/Mozilla%20Firefox/browser/features/activity-stream@mozilla.org.xpi!/bootstrap.js:79
shutdown()@resource://gre/modules/addons/XPIProvider.jsm -> jar:file:///C:/Program%20Files/Mozilla%20Firefox/browser/features/activity-stream@mozilla.org.xpi!/bootstrap.js:187
callBootstrapMethod()@resource://gre/modules/addons/XPIProvider.jsm:2757
observe()@resource://gre/modules/addons/XPIProvider.jsm:1672
1533315390727	Marionette	WARN	TLS certificate errors will be ignored for this session
Unable to read VR Path Registry from C:\Users\RUDRA.LAPTOP-RDI7T2JU\AppData\Local\openvr\openvrpaths.vrpath
Unable to read VR Path Registry from C:\Users\RUDRA.LAPTOP-RDI7T2JU\AppData\Local\openvr\openvrpaths.vrpath
[Child 3084, Chrome_ChildThread] WARNING: pipe error: 109: file z:/build/build/src/ipc/chromium/src/chrome/common/ipc_channel_win.cc, line 346
[Parent 11180, Gecko_IOThread] WARNING: pipe error: 109: file z:/build/build/src/ipc/chromium/src/chrome/common/ipc_channel_win.cc, line 346
[Parent 11180, Gecko_IOThread] WARNING: pipe error: 109: file z:/build/build/src/ipc/chromium/src/chrome/common/ipc_channel_win.cc, line 346
[Child 12464, Chr*** UTM:SVC TimerManager:registerTimer called after profile-before-change notification. Ignoring timer registration for id: telemetry_modules_ping
[GPU 19460, Chrome_C
###!!! [Child][MessageChannel::SendAndWait] Error: Channel error: cannot send/recv

1533316141728	geckodriver	INFO	geckodriver 0.21.0
1533316141743	geckodriver	INFO	Listening on 127.0.0.1:50806
1533316144836	mozrunner::runner	INFO	Running command: "C:\\Program Files\\Mozilla Firefox\\firefox.exe" "-marionette" "-foreground" "-no-remote" "-profile" "C:\\Users\\RUDRA~1.LAP\\AppData\\Local\\Temp\\rust_mozprofile.Mk3SBgb9waqy"
Unable to read VR Path Registry from C:\Users\RUDRA.LAPTOP-RDI7T2JU\AppData\Local\openvr\openvrpaths.vrpath
Unable to read VR Path Registry from C:\Users\RUDRA.LAPTOP-RDI7T2JU\AppData\Local\openvr\openvrpaths.vrpath
Unable to read VR Path Registry from C:\Users\RUDRA.LAPTOP-RDI7T2JU\AppData\Local\openvr\openvrpaths.vrpath
Unable to read VR Path Registry from C:\Users\RUDRA.LAPTOP-RDI7T2JU\AppData\Local\openvr\openvrpaths.vrpath
Unable to read VR Path Registry from C:\Users\RUDRA.LAPTOP-RDI7T2JU\AppData\Local\openvr\openvrpaths.vrpath
1533316149501	Marionette	INFO	Listening on port 50814
1533316150119	Marionette	WARN	TLS certificate errors will be ignored for this session
[Parent 18452, Gecko_IOThread] WARNING: pipe error: 109: file z:/build/build/src/ipc/chromium/src/chrome/common/ipc_channel_win.cc, line 346
[Child 11352, Chrome_ChildThread] WARNING: pipe error: 109: file z:/build/build/src/ipc/chromium/src/chrome/common/ipc_channel_win.cc, line 346
[Child 11352, Chrome_ChildThread] WARNING: pipe error: 109: file z:/build/build/src/ipc/chromium/src/chrome/common/ipc_channel_win.cc, line 346
[Parent 18452, Gecko_IOThread] WARNING: pipe error: 109: file z:/build/build/src/ipc/chromium/src/chrome/common/ipc_channel_win.cc, line 346
[Child 16488, Chrome_ChildThread] WARNING: pipe error: 109: file z:/build/build/src/ipc/chromium/src/chrome/common/ipc_channel_win.cc, line 346
[Child 16488, Chrome_ChildThread] WARNING: pipe error: 109: file z:/build/build/src/ipc/chromi[Parent 18452, Gecko_IOThread] WARNING: pipe error: 109: file z:/build/build/src/ipc/chromium/src/chrome/common/ipc_channel_win.cc, line 346
*** UTM:SVC TimerManager:registerTimer called after profile-before-change notification. Ignoring timer registration for id: telemetry_modules_ping
[GPU 16112, Chrome_ChildThr
###!!! [Child][MessageChannel::SendAndWait] Error: Channel error: cannot send/recv

